CRITICAL - 2021-02-22 10:38:27 --> Cannot declare class App\Controllers\Home, because the name is already in use
#0 [internal function]: CodeIgniter\Debug\Exceptions->shutdownHandler()
#1 {main}
CRITICAL - 2021-02-22 11:51:06 --> Invalid file: home_neighbour..php
#0 C:\Users\Niamh\Documents\GitHub\Favours4Neighbours.FYP\Favours4Neighbours.CodeIgniter.php\vendor\codeigniter4\framework\system\View\View.php(203): CodeIgniter\Exceptions\FrameworkException::forInvalidFile('home_neighbour....')
#1 C:\Users\Niamh\Documents\GitHub\Favours4Neighbours.FYP\Favours4Neighbours.CodeIgniter.php\vendor\codeigniter4\framework\system\Common.php(1217): CodeIgniter\View\View->render('home_neighbour.', Array, true)
#2 C:\Users\Niamh\Documents\GitHub\Favours4Neighbours.FYP\Favours4Neighbours.CodeIgniter.php\app\Controllers\Home.php(9): view('home_neighbour.')
#3 C:\Users\Niamh\Documents\GitHub\Favours4Neighbours.FYP\Favours4Neighbours.CodeIgniter.php\vendor\codeigniter4\framework\system\CodeIgniter.php(936): App\Controllers\Home->index()
#4 C:\Users\Niamh\Documents\GitHub\Favours4Neighbours.FYP\Favours4Neighbours.CodeIgniter.php\vendor\codeigniter4\framework\system\CodeIgniter.php(432): CodeIgniter\CodeIgniter->runController(Object(App\Controllers\Home))
#5 C:\Users\Niamh\Documents\GitHub\Favours4Neighbours.FYP\Favours4Neighbours.CodeIgniter.php\vendor\codeigniter4\framework\system\CodeIgniter.php(333): CodeIgniter\CodeIgniter->handleRequest(NULL, Object(Config\Cache), false)
#6 C:\Users\Niamh\Documents\GitHub\Favours4Neighbours.FYP\Favours4Neighbours.CodeIgniter.php\public\index.php(44): CodeIgniter\CodeIgniter->run()
#7 {main}
CRITICAL - 2021-02-22 11:51:19 --> Invalid file: home_neighbour..php
#0 C:\Users\Niamh\Documents\GitHub\Favours4Neighbours.FYP\Favours4Neighbours.CodeIgniter.php\vendor\codeigniter4\framework\system\View\View.php(203): CodeIgniter\Exceptions\FrameworkException::forInvalidFile('home_neighbour....')
#1 C:\Users\Niamh\Documents\GitHub\Favours4Neighbours.FYP\Favours4Neighbours.CodeIgniter.php\vendor\codeigniter4\framework\system\Common.php(1217): CodeIgniter\View\View->render('home_neighbour.', Array, true)
#2 C:\Users\Niamh\Documents\GitHub\Favours4Neighbours.FYP\Favours4Neighbours.CodeIgniter.php\app\Controllers\Home.php(9): view('home_neighbour.')
#3 C:\Users\Niamh\Documents\GitHub\Favours4Neighbours.FYP\Favours4Neighbours.CodeIgniter.php\vendor\codeigniter4\framework\system\CodeIgniter.php(936): App\Controllers\Home->index()
#4 C:\Users\Niamh\Documents\GitHub\Favours4Neighbours.FYP\Favours4Neighbours.CodeIgniter.php\vendor\codeigniter4\framework\system\CodeIgniter.php(432): CodeIgniter\CodeIgniter->runController(Object(App\Controllers\Home))
#5 C:\Users\Niamh\Documents\GitHub\Favours4Neighbours.FYP\Favours4Neighbours.CodeIgniter.php\vendor\codeigniter4\framework\system\CodeIgniter.php(333): CodeIgniter\CodeIgniter->handleRequest(NULL, Object(Config\Cache), false)
#6 C:\Users\Niamh\Documents\GitHub\Favours4Neighbours.FYP\Favours4Neighbours.CodeIgniter.php\public\index.php(44): CodeIgniter\CodeIgniter->run()
#7 {main}
CRITICAL - 2021-02-22 11:51:53 --> Invalid file: home_neighbour..php
#0 C:\Users\Niamh\Documents\GitHub\Favours4Neighbours.FYP\Favours4Neighbours.CodeIgniter.php\vendor\codeigniter4\framework\system\View\View.php(203): CodeIgniter\Exceptions\FrameworkException::forInvalidFile('home_neighbour....')
#1 C:\Users\Niamh\Documents\GitHub\Favours4Neighbours.FYP\Favours4Neighbours.CodeIgniter.php\vendor\codeigniter4\framework\system\Common.php(1217): CodeIgniter\View\View->render('home_neighbour.', Array, true)
#2 C:\Users\Niamh\Documents\GitHub\Favours4Neighbours.FYP\Favours4Neighbours.CodeIgniter.php\app\Controllers\Home.php(9): view('home_neighbour.')
#3 C:\Users\Niamh\Documents\GitHub\Favours4Neighbours.FYP\Favours4Neighbours.CodeIgniter.php\vendor\codeigniter4\framework\system\CodeIgniter.php(936): App\Controllers\Home->index()
#4 C:\Users\Niamh\Documents\GitHub\Favours4Neighbours.FYP\Favours4Neighbours.CodeIgniter.php\vendor\codeigniter4\framework\system\CodeIgniter.php(432): CodeIgniter\CodeIgniter->runController(Object(App\Controllers\Home))
#5 C:\Users\Niamh\Documents\GitHub\Favours4Neighbours.FYP\Favours4Neighbours.CodeIgniter.php\vendor\codeigniter4\framework\system\CodeIgniter.php(333): CodeIgniter\CodeIgniter->handleRequest(NULL, Object(Config\Cache), false)
#6 C:\Users\Niamh\Documents\GitHub\Favours4Neighbours.FYP\Favours4Neighbours.CodeIgniter.php\public\index.php(44): CodeIgniter\CodeIgniter->run()
#7 {main}
CRITICAL - 2021-02-22 11:52:19 --> Invalid file: home_neighbour..php
#0 C:\Users\Niamh\Documents\GitHub\Favours4Neighbours.FYP\Favours4Neighbours.CodeIgniter.php\vendor\codeigniter4\framework\system\View\View.php(203): CodeIgniter\Exceptions\FrameworkException::forInvalidFile('home_neighbour....')
#1 C:\Users\Niamh\Documents\GitHub\Favours4Neighbours.FYP\Favours4Neighbours.CodeIgniter.php\vendor\codeigniter4\framework\system\Common.php(1217): CodeIgniter\View\View->render('home_neighbour.', Array, true)
#2 C:\Users\Niamh\Documents\GitHub\Favours4Neighbours.FYP\Favours4Neighbours.CodeIgniter.php\app\Controllers\Home.php(9): view('home_neighbour.')
#3 C:\Users\Niamh\Documents\GitHub\Favours4Neighbours.FYP\Favours4Neighbours.CodeIgniter.php\vendor\codeigniter4\framework\system\CodeIgniter.php(936): App\Controllers\Home->index()
#4 C:\Users\Niamh\Documents\GitHub\Favours4Neighbours.FYP\Favours4Neighbours.CodeIgniter.php\vendor\codeigniter4\framework\system\CodeIgniter.php(432): CodeIgniter\CodeIgniter->runController(Object(App\Controllers\Home))
#5 C:\Users\Niamh\Documents\GitHub\Favours4Neighbours.FYP\Favours4Neighbours.CodeIgniter.php\vendor\codeigniter4\framework\system\CodeIgniter.php(333): CodeIgniter\CodeIgniter->handleRequest(NULL, Object(Config\Cache), false)
#6 C:\Users\Niamh\Documents\GitHub\Favours4Neighbours.FYP\Favours4Neighbours.CodeIgniter.php\public\index.php(44): CodeIgniter\CodeIgniter->run()
#7 {main}
