CRITICAL - 2021-04-20 06:11:42 --> Invalid file: MyProfileChangePasswordView.php
#0 C:\Users\Niamh\Documents\GitHub\Favours4Neighbours.FYP\Favours4Neighbours.CodeIgniter.php\vendor\codeigniter4\framework\system\View\View.php(203): CodeIgniter\Exceptions\FrameworkException::forInvalidFile('MyProfileChange...')
#1 C:\Users\Niamh\Documents\GitHub\Favours4Neighbours.FYP\Favours4Neighbours.CodeIgniter.php\vendor\codeigniter4\framework\system\Common.php(1217): CodeIgniter\View\View->render('MyProfileChange...', Array, true)
#2 C:\Users\Niamh\Documents\GitHub\Favours4Neighbours.FYP\Favours4Neighbours.CodeIgniter.php\app\Controllers\Client\Profile.php(22): view('MyProfileChange...')
#3 C:\Users\Niamh\Documents\GitHub\Favours4Neighbours.FYP\Favours4Neighbours.CodeIgniter.php\vendor\codeigniter4\framework\system\CodeIgniter.php(936): App\Controllers\Client\Profile->changepassword()
#4 C:\Users\Niamh\Documents\GitHub\Favours4Neighbours.FYP\Favours4Neighbours.CodeIgniter.php\vendor\codeigniter4\framework\system\CodeIgniter.php(432): CodeIgniter\CodeIgniter->runController(Object(App\Controllers\Client\Profile))
#5 C:\Users\Niamh\Documents\GitHub\Favours4Neighbours.FYP\Favours4Neighbours.CodeIgniter.php\vendor\codeigniter4\framework\system\CodeIgniter.php(333): CodeIgniter\CodeIgniter->handleRequest(NULL, Object(Config\Cache), false)
#6 C:\Users\Niamh\Documents\GitHub\Favours4Neighbours.FYP\Favours4Neighbours.CodeIgniter.php\public\index.php(44): CodeIgniter\CodeIgniter->run()
#7 C:\Users\Niamh\Documents\GitHub\Favours4Neighbours.FYP\Favours4Neighbours.CodeIgniter.php\vendor\codeigniter4\framework\system\Commands\Server\rewrite.php(45): require_once('C:\\Users\\Niamh\\...')
#8 {main}
CRITICAL - 2021-04-20 06:41:44 --> Too few arguments to function App\Controllers\Client\Jobs::view(), 0 passed in C:\Users\Niamh\Documents\GitHub\Favours4Neighbours.FYP\Favours4Neighbours.CodeIgniter.php\vendor\codeigniter4\framework\system\CodeIgniter.php on line 936 and exactly 1 expected
#0 C:\Users\Niamh\Documents\GitHub\Favours4Neighbours.FYP\Favours4Neighbours.CodeIgniter.php\vendor\codeigniter4\framework\system\CodeIgniter.php(936): App\Controllers\Client\Jobs->view()
#1 C:\Users\Niamh\Documents\GitHub\Favours4Neighbours.FYP\Favours4Neighbours.CodeIgniter.php\vendor\codeigniter4\framework\system\CodeIgniter.php(432): CodeIgniter\CodeIgniter->runController(Object(App\Controllers\Client\Jobs))
#2 C:\Users\Niamh\Documents\GitHub\Favours4Neighbours.FYP\Favours4Neighbours.CodeIgniter.php\vendor\codeigniter4\framework\system\CodeIgniter.php(333): CodeIgniter\CodeIgniter->handleRequest(NULL, Object(Config\Cache), false)
#3 C:\Users\Niamh\Documents\GitHub\Favours4Neighbours.FYP\Favours4Neighbours.CodeIgniter.php\public\index.php(44): CodeIgniter\CodeIgniter->run()
#4 C:\Users\Niamh\Documents\GitHub\Favours4Neighbours.FYP\Favours4Neighbours.CodeIgniter.php\vendor\codeigniter4\framework\system\Commands\Server\rewrite.php(45): require_once('C:\\Users\\Niamh\\...')
#5 {main}
CRITICAL - 2021-04-20 06:47:35 --> Too few arguments to function App\Controllers\Client\Jobs::view(), 0 passed in C:\Users\Niamh\Documents\GitHub\Favours4Neighbours.FYP\Favours4Neighbours.CodeIgniter.php\vendor\codeigniter4\framework\system\CodeIgniter.php on line 936 and exactly 2 expected
#0 C:\Users\Niamh\Documents\GitHub\Favours4Neighbours.FYP\Favours4Neighbours.CodeIgniter.php\vendor\codeigniter4\framework\system\CodeIgniter.php(936): App\Controllers\Client\Jobs->view()
#1 C:\Users\Niamh\Documents\GitHub\Favours4Neighbours.FYP\Favours4Neighbours.CodeIgniter.php\vendor\codeigniter4\framework\system\CodeIgniter.php(432): CodeIgniter\CodeIgniter->runController(Object(App\Controllers\Client\Jobs))
#2 C:\Users\Niamh\Documents\GitHub\Favours4Neighbours.FYP\Favours4Neighbours.CodeIgniter.php\vendor\codeigniter4\framework\system\CodeIgniter.php(333): CodeIgniter\CodeIgniter->handleRequest(NULL, Object(Config\Cache), false)
#3 C:\Users\Niamh\Documents\GitHub\Favours4Neighbours.FYP\Favours4Neighbours.CodeIgniter.php\public\index.php(44): CodeIgniter\CodeIgniter->run()
#4 C:\Users\Niamh\Documents\GitHub\Favours4Neighbours.FYP\Favours4Neighbours.CodeIgniter.php\vendor\codeigniter4\framework\system\Commands\Server\rewrite.php(45): require_once('C:\\Users\\Niamh\\...')
#5 {main}
CRITICAL - 2021-04-20 07:01:47 --> Undefined variable: countyDataSource
#0 C:\Users\Niamh\Documents\GitHub\Favours4Neighbours.FYP\Favours4Neighbours.CodeIgniter.php\app\Views\MyProfileEditView.php(14): CodeIgniter\Debug\Exceptions->errorHandler(8, 'Undefined varia...', 'C:\\Users\\Niamh\\...', 14, Array)
#1 C:\Users\Niamh\Documents\GitHub\Favours4Neighbours.FYP\Favours4Neighbours.CodeIgniter.php\vendor\codeigniter4\framework\system\View\View.php(220): include('C:\\Users\\Niamh\\...')
#2 C:\Users\Niamh\Documents\GitHub\Favours4Neighbours.FYP\Favours4Neighbours.CodeIgniter.php\vendor\codeigniter4\framework\system\View\View.php(222): CodeIgniter\View\View->CodeIgniter\View\{closure}()
#3 C:\Users\Niamh\Documents\GitHub\Favours4Neighbours.FYP\Favours4Neighbours.CodeIgniter.php\vendor\codeigniter4\framework\system\Common.php(1217): CodeIgniter\View\View->render('MyProfileEditVi...', Array, true)
#4 C:\Users\Niamh\Documents\GitHub\Favours4Neighbours.FYP\Favours4Neighbours.CodeIgniter.php\app\Controllers\Client\Profile.php(46): view('MyProfileEditVi...', Array)
#5 C:\Users\Niamh\Documents\GitHub\Favours4Neighbours.FYP\Favours4Neighbours.CodeIgniter.php\vendor\codeigniter4\framework\system\CodeIgniter.php(936): App\Controllers\Client\Profile->edit()
#6 C:\Users\Niamh\Documents\GitHub\Favours4Neighbours.FYP\Favours4Neighbours.CodeIgniter.php\vendor\codeigniter4\framework\system\CodeIgniter.php(432): CodeIgniter\CodeIgniter->runController(Object(App\Controllers\Client\Profile))
#7 C:\Users\Niamh\Documents\GitHub\Favours4Neighbours.FYP\Favours4Neighbours.CodeIgniter.php\vendor\codeigniter4\framework\system\CodeIgniter.php(333): CodeIgniter\CodeIgniter->handleRequest(NULL, Object(Config\Cache), false)
#8 C:\Users\Niamh\Documents\GitHub\Favours4Neighbours.FYP\Favours4Neighbours.CodeIgniter.php\public\index.php(44): CodeIgniter\CodeIgniter->run()
#9 C:\Users\Niamh\Documents\GitHub\Favours4Neighbours.FYP\Favours4Neighbours.CodeIgniter.php\vendor\codeigniter4\framework\system\Commands\Server\rewrite.php(45): require_once('C:\\Users\\Niamh\\...')
#10 {main}
CRITICAL - 2021-04-20 07:17:46 --> Too few arguments to function App\Controllers\Client\Jobs::apply(), 0 passed in C:\Users\Niamh\Documents\GitHub\Favours4Neighbours.FYP\Favours4Neighbours.CodeIgniter.php\vendor\codeigniter4\framework\system\CodeIgniter.php on line 936 and exactly 1 expected
#0 C:\Users\Niamh\Documents\GitHub\Favours4Neighbours.FYP\Favours4Neighbours.CodeIgniter.php\vendor\codeigniter4\framework\system\CodeIgniter.php(936): App\Controllers\Client\Jobs->apply()
#1 C:\Users\Niamh\Documents\GitHub\Favours4Neighbours.FYP\Favours4Neighbours.CodeIgniter.php\vendor\codeigniter4\framework\system\CodeIgniter.php(432): CodeIgniter\CodeIgniter->runController(Object(App\Controllers\Client\Jobs))
#2 C:\Users\Niamh\Documents\GitHub\Favours4Neighbours.FYP\Favours4Neighbours.CodeIgniter.php\vendor\codeigniter4\framework\system\CodeIgniter.php(333): CodeIgniter\CodeIgniter->handleRequest(NULL, Object(Config\Cache), false)
#3 C:\Users\Niamh\Documents\GitHub\Favours4Neighbours.FYP\Favours4Neighbours.CodeIgniter.php\public\index.php(44): CodeIgniter\CodeIgniter->run()
#4 C:\Users\Niamh\Documents\GitHub\Favours4Neighbours.FYP\Favours4Neighbours.CodeIgniter.php\vendor\codeigniter4\framework\system\Commands\Server\rewrite.php(45): require_once('C:\\Users\\Niamh\\...')
#5 {main}
CRITICAL - 2021-04-20 07:38:55 --> Too few arguments to function App\Controllers\Client\Jobs::apply(), 0 passed in C:\Users\Niamh\Documents\GitHub\Favours4Neighbours.FYP\Favours4Neighbours.CodeIgniter.php\vendor\codeigniter4\framework\system\CodeIgniter.php on line 936 and exactly 1 expected
#0 C:\Users\Niamh\Documents\GitHub\Favours4Neighbours.FYP\Favours4Neighbours.CodeIgniter.php\vendor\codeigniter4\framework\system\CodeIgniter.php(936): App\Controllers\Client\Jobs->apply()
#1 C:\Users\Niamh\Documents\GitHub\Favours4Neighbours.FYP\Favours4Neighbours.CodeIgniter.php\vendor\codeigniter4\framework\system\CodeIgniter.php(432): CodeIgniter\CodeIgniter->runController(Object(App\Controllers\Client\Jobs))
#2 C:\Users\Niamh\Documents\GitHub\Favours4Neighbours.FYP\Favours4Neighbours.CodeIgniter.php\vendor\codeigniter4\framework\system\CodeIgniter.php(333): CodeIgniter\CodeIgniter->handleRequest(NULL, Object(Config\Cache), false)
#3 C:\Users\Niamh\Documents\GitHub\Favours4Neighbours.FYP\Favours4Neighbours.CodeIgniter.php\public\index.php(44): CodeIgniter\CodeIgniter->run()
#4 C:\Users\Niamh\Documents\GitHub\Favours4Neighbours.FYP\Favours4Neighbours.CodeIgniter.php\vendor\codeigniter4\framework\system\Commands\Server\rewrite.php(45): require_once('C:\\Users\\Niamh\\...')
#5 {main}
CRITICAL - 2021-04-20 07:48:53 --> Undefined variable: user
#0 C:\Users\Niamh\Documents\GitHub\Favours4Neighbours.FYP\Favours4Neighbours.CodeIgniter.php\app\Views\MyProfileChangePasswordView.php(12): CodeIgniter\Debug\Exceptions->errorHandler(8, 'Undefined varia...', 'C:\\Users\\Niamh\\...', 12, Array)
#1 C:\Users\Niamh\Documents\GitHub\Favours4Neighbours.FYP\Favours4Neighbours.CodeIgniter.php\vendor\codeigniter4\framework\system\View\View.php(220): include('C:\\Users\\Niamh\\...')
#2 C:\Users\Niamh\Documents\GitHub\Favours4Neighbours.FYP\Favours4Neighbours.CodeIgniter.php\vendor\codeigniter4\framework\system\View\View.php(222): CodeIgniter\View\View->CodeIgniter\View\{closure}()
#3 C:\Users\Niamh\Documents\GitHub\Favours4Neighbours.FYP\Favours4Neighbours.CodeIgniter.php\vendor\codeigniter4\framework\system\Common.php(1217): CodeIgniter\View\View->render('MyProfileChange...', Array, true)
#4 C:\Users\Niamh\Documents\GitHub\Favours4Neighbours.FYP\Favours4Neighbours.CodeIgniter.php\app\Controllers\Client\Profile.php(22): view('MyProfileChange...')
#5 C:\Users\Niamh\Documents\GitHub\Favours4Neighbours.FYP\Favours4Neighbours.CodeIgniter.php\vendor\codeigniter4\framework\system\CodeIgniter.php(936): App\Controllers\Client\Profile->changepassword()
#6 C:\Users\Niamh\Documents\GitHub\Favours4Neighbours.FYP\Favours4Neighbours.CodeIgniter.php\vendor\codeigniter4\framework\system\CodeIgniter.php(432): CodeIgniter\CodeIgniter->runController(Object(App\Controllers\Client\Profile))
#7 C:\Users\Niamh\Documents\GitHub\Favours4Neighbours.FYP\Favours4Neighbours.CodeIgniter.php\vendor\codeigniter4\framework\system\CodeIgniter.php(333): CodeIgniter\CodeIgniter->handleRequest(NULL, Object(Config\Cache), false)
#8 C:\Users\Niamh\Documents\GitHub\Favours4Neighbours.FYP\Favours4Neighbours.CodeIgniter.php\public\index.php(44): CodeIgniter\CodeIgniter->run()
#9 C:\Users\Niamh\Documents\GitHub\Favours4Neighbours.FYP\Favours4Neighbours.CodeIgniter.php\vendor\codeigniter4\framework\system\Commands\Server\rewrite.php(45): require_once('C:\\Users\\Niamh\\...')
#10 {main}
CRITICAL - 2021-04-20 07:53:03 --> Undefined variable: user
#0 C:\Users\Niamh\Documents\GitHub\Favours4Neighbours.FYP\Favours4Neighbours.CodeIgniter.php\app\Views\MyProfileChangePasswordView.php(12): CodeIgniter\Debug\Exceptions->errorHandler(8, 'Undefined varia...', 'C:\\Users\\Niamh\\...', 12, Array)
#1 C:\Users\Niamh\Documents\GitHub\Favours4Neighbours.FYP\Favours4Neighbours.CodeIgniter.php\vendor\codeigniter4\framework\system\View\View.php(220): include('C:\\Users\\Niamh\\...')
#2 C:\Users\Niamh\Documents\GitHub\Favours4Neighbours.FYP\Favours4Neighbours.CodeIgniter.php\vendor\codeigniter4\framework\system\View\View.php(222): CodeIgniter\View\View->CodeIgniter\View\{closure}()
#3 C:\Users\Niamh\Documents\GitHub\Favours4Neighbours.FYP\Favours4Neighbours.CodeIgniter.php\vendor\codeigniter4\framework\system\Common.php(1217): CodeIgniter\View\View->render('MyProfileChange...', Array, true)
#4 C:\Users\Niamh\Documents\GitHub\Favours4Neighbours.FYP\Favours4Neighbours.CodeIgniter.php\app\Controllers\Client\Profile.php(22): view('MyProfileChange...')
#5 C:\Users\Niamh\Documents\GitHub\Favours4Neighbours.FYP\Favours4Neighbours.CodeIgniter.php\vendor\codeigniter4\framework\system\CodeIgniter.php(936): App\Controllers\Client\Profile->changepassword()
#6 C:\Users\Niamh\Documents\GitHub\Favours4Neighbours.FYP\Favours4Neighbours.CodeIgniter.php\vendor\codeigniter4\framework\system\CodeIgniter.php(432): CodeIgniter\CodeIgniter->runController(Object(App\Controllers\Client\Profile))
#7 C:\Users\Niamh\Documents\GitHub\Favours4Neighbours.FYP\Favours4Neighbours.CodeIgniter.php\vendor\codeigniter4\framework\system\CodeIgniter.php(333): CodeIgniter\CodeIgniter->handleRequest(NULL, Object(Config\Cache), false)
#8 C:\Users\Niamh\Documents\GitHub\Favours4Neighbours.FYP\Favours4Neighbours.CodeIgniter.php\public\index.php(44): CodeIgniter\CodeIgniter->run()
#9 C:\Users\Niamh\Documents\GitHub\Favours4Neighbours.FYP\Favours4Neighbours.CodeIgniter.php\vendor\codeigniter4\framework\system\Commands\Server\rewrite.php(45): require_once('C:\\Users\\Niamh\\...')
#10 {main}
CRITICAL - 2021-04-20 07:55:21 --> Undefined variable: user
#0 C:\Users\Niamh\Documents\GitHub\Favours4Neighbours.FYP\Favours4Neighbours.CodeIgniter.php\app\Views\MyProfileChangePasswordView.php(13): CodeIgniter\Debug\Exceptions->errorHandler(8, 'Undefined varia...', 'C:\\Users\\Niamh\\...', 13, Array)
#1 C:\Users\Niamh\Documents\GitHub\Favours4Neighbours.FYP\Favours4Neighbours.CodeIgniter.php\vendor\codeigniter4\framework\system\View\View.php(220): include('C:\\Users\\Niamh\\...')
#2 C:\Users\Niamh\Documents\GitHub\Favours4Neighbours.FYP\Favours4Neighbours.CodeIgniter.php\vendor\codeigniter4\framework\system\View\View.php(222): CodeIgniter\View\View->CodeIgniter\View\{closure}()
#3 C:\Users\Niamh\Documents\GitHub\Favours4Neighbours.FYP\Favours4Neighbours.CodeIgniter.php\vendor\codeigniter4\framework\system\Common.php(1217): CodeIgniter\View\View->render('MyProfileChange...', Array, true)
#4 C:\Users\Niamh\Documents\GitHub\Favours4Neighbours.FYP\Favours4Neighbours.CodeIgniter.php\app\Controllers\Client\Profile.php(22): view('MyProfileChange...')
#5 C:\Users\Niamh\Documents\GitHub\Favours4Neighbours.FYP\Favours4Neighbours.CodeIgniter.php\vendor\codeigniter4\framework\system\CodeIgniter.php(936): App\Controllers\Client\Profile->changepassword()
#6 C:\Users\Niamh\Documents\GitHub\Favours4Neighbours.FYP\Favours4Neighbours.CodeIgniter.php\vendor\codeigniter4\framework\system\CodeIgniter.php(432): CodeIgniter\CodeIgniter->runController(Object(App\Controllers\Client\Profile))
#7 C:\Users\Niamh\Documents\GitHub\Favours4Neighbours.FYP\Favours4Neighbours.CodeIgniter.php\vendor\codeigniter4\framework\system\CodeIgniter.php(333): CodeIgniter\CodeIgniter->handleRequest(NULL, Object(Config\Cache), false)
#8 C:\Users\Niamh\Documents\GitHub\Favours4Neighbours.FYP\Favours4Neighbours.CodeIgniter.php\public\index.php(44): CodeIgniter\CodeIgniter->run()
#9 C:\Users\Niamh\Documents\GitHub\Favours4Neighbours.FYP\Favours4Neighbours.CodeIgniter.php\vendor\codeigniter4\framework\system\Commands\Server\rewrite.php(45): require_once('C:\\Users\\Niamh\\...')
#10 {main}
CRITICAL - 2021-04-20 07:55:34 --> Array to string conversion
#0 C:\Users\Niamh\Documents\GitHub\Favours4Neighbours.FYP\Favours4Neighbours.CodeIgniter.php\app\Views\MyProfileChangePasswordView.php(13): CodeIgniter\Debug\Exceptions->errorHandler(8, 'Array to string...', 'C:\\Users\\Niamh\\...', 13, Array)
#1 C:\Users\Niamh\Documents\GitHub\Favours4Neighbours.FYP\Favours4Neighbours.CodeIgniter.php\vendor\codeigniter4\framework\system\View\View.php(220): include('C:\\Users\\Niamh\\...')
#2 C:\Users\Niamh\Documents\GitHub\Favours4Neighbours.FYP\Favours4Neighbours.CodeIgniter.php\vendor\codeigniter4\framework\system\View\View.php(222): CodeIgniter\View\View->CodeIgniter\View\{closure}()
#3 C:\Users\Niamh\Documents\GitHub\Favours4Neighbours.FYP\Favours4Neighbours.CodeIgniter.php\vendor\codeigniter4\framework\system\Common.php(1217): CodeIgniter\View\View->render('MyProfileChange...', Array, true)
#4 C:\Users\Niamh\Documents\GitHub\Favours4Neighbours.FYP\Favours4Neighbours.CodeIgniter.php\app\Controllers\Client\Profile.php(22): view('MyProfileChange...')
#5 C:\Users\Niamh\Documents\GitHub\Favours4Neighbours.FYP\Favours4Neighbours.CodeIgniter.php\vendor\codeigniter4\framework\system\CodeIgniter.php(936): App\Controllers\Client\Profile->changepassword()
#6 C:\Users\Niamh\Documents\GitHub\Favours4Neighbours.FYP\Favours4Neighbours.CodeIgniter.php\vendor\codeigniter4\framework\system\CodeIgniter.php(432): CodeIgniter\CodeIgniter->runController(Object(App\Controllers\Client\Profile))
#7 C:\Users\Niamh\Documents\GitHub\Favours4Neighbours.FYP\Favours4Neighbours.CodeIgniter.php\vendor\codeigniter4\framework\system\CodeIgniter.php(333): CodeIgniter\CodeIgniter->handleRequest(NULL, Object(Config\Cache), false)
#8 C:\Users\Niamh\Documents\GitHub\Favours4Neighbours.FYP\Favours4Neighbours.CodeIgniter.php\public\index.php(44): CodeIgniter\CodeIgniter->run()
#9 C:\Users\Niamh\Documents\GitHub\Favours4Neighbours.FYP\Favours4Neighbours.CodeIgniter.php\vendor\codeigniter4\framework\system\Commands\Server\rewrite.php(45): require_once('C:\\Users\\Niamh\\...')
#10 {main}
CRITICAL - 2021-04-20 07:56:03 --> Array to string conversion
#0 C:\Users\Niamh\Documents\GitHub\Favours4Neighbours.FYP\Favours4Neighbours.CodeIgniter.php\app\Views\MyProfileChangePasswordView.php(13): CodeIgniter\Debug\Exceptions->errorHandler(8, 'Array to string...', 'C:\\Users\\Niamh\\...', 13, Array)
#1 C:\Users\Niamh\Documents\GitHub\Favours4Neighbours.FYP\Favours4Neighbours.CodeIgniter.php\vendor\codeigniter4\framework\system\View\View.php(220): include('C:\\Users\\Niamh\\...')
#2 C:\Users\Niamh\Documents\GitHub\Favours4Neighbours.FYP\Favours4Neighbours.CodeIgniter.php\vendor\codeigniter4\framework\system\View\View.php(222): CodeIgniter\View\View->CodeIgniter\View\{closure}()
#3 C:\Users\Niamh\Documents\GitHub\Favours4Neighbours.FYP\Favours4Neighbours.CodeIgniter.php\vendor\codeigniter4\framework\system\Common.php(1217): CodeIgniter\View\View->render('MyProfileChange...', Array, true)
#4 C:\Users\Niamh\Documents\GitHub\Favours4Neighbours.FYP\Favours4Neighbours.CodeIgniter.php\app\Controllers\Client\Profile.php(22): view('MyProfileChange...')
#5 C:\Users\Niamh\Documents\GitHub\Favours4Neighbours.FYP\Favours4Neighbours.CodeIgniter.php\vendor\codeigniter4\framework\system\CodeIgniter.php(936): App\Controllers\Client\Profile->changepassword()
#6 C:\Users\Niamh\Documents\GitHub\Favours4Neighbours.FYP\Favours4Neighbours.CodeIgniter.php\vendor\codeigniter4\framework\system\CodeIgniter.php(432): CodeIgniter\CodeIgniter->runController(Object(App\Controllers\Client\Profile))
#7 C:\Users\Niamh\Documents\GitHub\Favours4Neighbours.FYP\Favours4Neighbours.CodeIgniter.php\vendor\codeigniter4\framework\system\CodeIgniter.php(333): CodeIgniter\CodeIgniter->handleRequest(NULL, Object(Config\Cache), false)
#8 C:\Users\Niamh\Documents\GitHub\Favours4Neighbours.FYP\Favours4Neighbours.CodeIgniter.php\public\index.php(44): CodeIgniter\CodeIgniter->run()
#9 C:\Users\Niamh\Documents\GitHub\Favours4Neighbours.FYP\Favours4Neighbours.CodeIgniter.php\vendor\codeigniter4\framework\system\Commands\Server\rewrite.php(45): require_once('C:\\Users\\Niamh\\...')
#10 {main}
CRITICAL - 2021-04-20 08:16:05 --> Undefined variable: jobApplications
#0 C:\Users\Niamh\Documents\GitHub\Favours4Neighbours.FYP\Favours4Neighbours.CodeIgniter.php\app\Views\MyApplicationsView.php(12): CodeIgniter\Debug\Exceptions->errorHandler(8, 'Undefined varia...', 'C:\\Users\\Niamh\\...', 12, Array)
#1 C:\Users\Niamh\Documents\GitHub\Favours4Neighbours.FYP\Favours4Neighbours.CodeIgniter.php\vendor\codeigniter4\framework\system\View\View.php(220): include('C:\\Users\\Niamh\\...')
#2 C:\Users\Niamh\Documents\GitHub\Favours4Neighbours.FYP\Favours4Neighbours.CodeIgniter.php\vendor\codeigniter4\framework\system\View\View.php(222): CodeIgniter\View\View->CodeIgniter\View\{closure}()
#3 C:\Users\Niamh\Documents\GitHub\Favours4Neighbours.FYP\Favours4Neighbours.CodeIgniter.php\vendor\codeigniter4\framework\system\Common.php(1217): CodeIgniter\View\View->render('MyApplicationsV...', Array, true)
#4 C:\Users\Niamh\Documents\GitHub\Favours4Neighbours.FYP\Favours4Neighbours.CodeIgniter.php\app\Controllers\Client\Applications.php(59): view('MyApplicationsV...')
#5 C:\Users\Niamh\Documents\GitHub\Favours4Neighbours.FYP\Favours4Neighbours.CodeIgniter.php\vendor\codeigniter4\framework\system\CodeIgniter.php(936): App\Controllers\Client\Applications->myapplications()
#6 C:\Users\Niamh\Documents\GitHub\Favours4Neighbours.FYP\Favours4Neighbours.CodeIgniter.php\vendor\codeigniter4\framework\system\CodeIgniter.php(432): CodeIgniter\CodeIgniter->runController(Object(App\Controllers\Client\Applications))
#7 C:\Users\Niamh\Documents\GitHub\Favours4Neighbours.FYP\Favours4Neighbours.CodeIgniter.php\vendor\codeigniter4\framework\system\CodeIgniter.php(333): CodeIgniter\CodeIgniter->handleRequest(NULL, Object(Config\Cache), false)
#8 C:\Users\Niamh\Documents\GitHub\Favours4Neighbours.FYP\Favours4Neighbours.CodeIgniter.php\public\index.php(44): CodeIgniter\CodeIgniter->run()
#9 C:\Users\Niamh\Documents\GitHub\Favours4Neighbours.FYP\Favours4Neighbours.CodeIgniter.php\vendor\codeigniter4\framework\system\Commands\Server\rewrite.php(45): require_once('C:\\Users\\Niamh\\...')
#10 {main}
CRITICAL - 2021-04-20 09:36:58 --> Too few arguments to function App\Controllers\Client\Jobs::edit(), 0 passed in C:\Users\Niamh\Documents\GitHub\Favours4Neighbours.FYP\Favours4Neighbours.CodeIgniter.php\vendor\codeigniter4\framework\system\CodeIgniter.php on line 936 and exactly 1 expected
#0 C:\Users\Niamh\Documents\GitHub\Favours4Neighbours.FYP\Favours4Neighbours.CodeIgniter.php\vendor\codeigniter4\framework\system\CodeIgniter.php(936): App\Controllers\Client\Jobs->edit()
#1 C:\Users\Niamh\Documents\GitHub\Favours4Neighbours.FYP\Favours4Neighbours.CodeIgniter.php\vendor\codeigniter4\framework\system\CodeIgniter.php(432): CodeIgniter\CodeIgniter->runController(Object(App\Controllers\Client\Jobs))
#2 C:\Users\Niamh\Documents\GitHub\Favours4Neighbours.FYP\Favours4Neighbours.CodeIgniter.php\vendor\codeigniter4\framework\system\CodeIgniter.php(333): CodeIgniter\CodeIgniter->handleRequest(NULL, Object(Config\Cache), false)
#3 C:\Users\Niamh\Documents\GitHub\Favours4Neighbours.FYP\Favours4Neighbours.CodeIgniter.php\public\index.php(44): CodeIgniter\CodeIgniter->run()
#4 C:\Users\Niamh\Documents\GitHub\Favours4Neighbours.FYP\Favours4Neighbours.CodeIgniter.php\vendor\codeigniter4\framework\system\Commands\Server\rewrite.php(45): require_once('C:\\Users\\Niamh\\...')
#5 {main}
CRITICAL - 2021-04-20 10:10:40 --> Undefined variable: mainContent
#0 C:\Users\Niamh\Documents\GitHub\Favours4Neighbours.FYP\Favours4Neighbours.CodeIgniter.php\app\Views\LogoutView.php(21): CodeIgniter\Debug\Exceptions->errorHandler(8, 'Undefined varia...', 'C:\\Users\\Niamh\\...', 21, Array)
#1 C:\Users\Niamh\Documents\GitHub\Favours4Neighbours.FYP\Favours4Neighbours.CodeIgniter.php\vendor\codeigniter4\framework\system\View\View.php(220): include('C:\\Users\\Niamh\\...')
#2 C:\Users\Niamh\Documents\GitHub\Favours4Neighbours.FYP\Favours4Neighbours.CodeIgniter.php\vendor\codeigniter4\framework\system\View\View.php(222): CodeIgniter\View\View->CodeIgniter\View\{closure}()
#3 C:\Users\Niamh\Documents\GitHub\Favours4Neighbours.FYP\Favours4Neighbours.CodeIgniter.php\vendor\codeigniter4\framework\system\Common.php(1217): CodeIgniter\View\View->render('LogoutView', Array, true)
#4 C:\Users\Niamh\Documents\GitHub\Favours4Neighbours.FYP\Favours4Neighbours.CodeIgniter.php\app\Controllers\Logout.php(23): view('LogoutView')
#5 C:\Users\Niamh\Documents\GitHub\Favours4Neighbours.FYP\Favours4Neighbours.CodeIgniter.php\vendor\codeigniter4\framework\system\CodeIgniter.php(936): App\Controllers\Logout->index()
#6 C:\Users\Niamh\Documents\GitHub\Favours4Neighbours.FYP\Favours4Neighbours.CodeIgniter.php\vendor\codeigniter4\framework\system\CodeIgniter.php(432): CodeIgniter\CodeIgniter->runController(Object(App\Controllers\Logout))
#7 C:\Users\Niamh\Documents\GitHub\Favours4Neighbours.FYP\Favours4Neighbours.CodeIgniter.php\vendor\codeigniter4\framework\system\CodeIgniter.php(333): CodeIgniter\CodeIgniter->handleRequest(NULL, Object(Config\Cache), false)
#8 C:\Users\Niamh\Documents\GitHub\Favours4Neighbours.FYP\Favours4Neighbours.CodeIgniter.php\public\index.php(44): CodeIgniter\CodeIgniter->run()
#9 C:\Users\Niamh\Documents\GitHub\Favours4Neighbours.FYP\Favours4Neighbours.CodeIgniter.php\vendor\codeigniter4\framework\system\Commands\Server\rewrite.php(45): require_once('C:\\Users\\Niamh\\...')
#10 {main}
CRITICAL - 2021-04-20 10:12:23 --> syntax error, unexpected end of file
#0 C:\Users\Niamh\Documents\GitHub\Favours4Neighbours.FYP\Favours4Neighbours.CodeIgniter.php\vendor\codeigniter4\framework\system\View\View.php(222): CodeIgniter\View\View->CodeIgniter\View\{closure}()
#1 C:\Users\Niamh\Documents\GitHub\Favours4Neighbours.FYP\Favours4Neighbours.CodeIgniter.php\vendor\codeigniter4\framework\system\Common.php(1217): CodeIgniter\View\View->render('LogoutView', Array, true)
#2 C:\Users\Niamh\Documents\GitHub\Favours4Neighbours.FYP\Favours4Neighbours.CodeIgniter.php\app\Controllers\Logout.php(23): view('LogoutView')
#3 C:\Users\Niamh\Documents\GitHub\Favours4Neighbours.FYP\Favours4Neighbours.CodeIgniter.php\vendor\codeigniter4\framework\system\CodeIgniter.php(936): App\Controllers\Logout->index()
#4 C:\Users\Niamh\Documents\GitHub\Favours4Neighbours.FYP\Favours4Neighbours.CodeIgniter.php\vendor\codeigniter4\framework\system\CodeIgniter.php(432): CodeIgniter\CodeIgniter->runController(Object(App\Controllers\Logout))
#5 C:\Users\Niamh\Documents\GitHub\Favours4Neighbours.FYP\Favours4Neighbours.CodeIgniter.php\vendor\codeigniter4\framework\system\CodeIgniter.php(333): CodeIgniter\CodeIgniter->handleRequest(NULL, Object(Config\Cache), false)
#6 C:\Users\Niamh\Documents\GitHub\Favours4Neighbours.FYP\Favours4Neighbours.CodeIgniter.php\public\index.php(44): CodeIgniter\CodeIgniter->run()
#7 C:\Users\Niamh\Documents\GitHub\Favours4Neighbours.FYP\Favours4Neighbours.CodeIgniter.php\vendor\codeigniter4\framework\system\Commands\Server\rewrite.php(45): require_once('C:\\Users\\Niamh\\...')
#8 {main}
CRITICAL - 2021-04-20 10:12:33 --> syntax error, unexpected end of file
#0 C:\Users\Niamh\Documents\GitHub\Favours4Neighbours.FYP\Favours4Neighbours.CodeIgniter.php\vendor\codeigniter4\framework\system\View\View.php(222): CodeIgniter\View\View->CodeIgniter\View\{closure}()
#1 C:\Users\Niamh\Documents\GitHub\Favours4Neighbours.FYP\Favours4Neighbours.CodeIgniter.php\vendor\codeigniter4\framework\system\Common.php(1217): CodeIgniter\View\View->render('LogoutView', Array, true)
#2 C:\Users\Niamh\Documents\GitHub\Favours4Neighbours.FYP\Favours4Neighbours.CodeIgniter.php\app\Controllers\Logout.php(23): view('LogoutView')
#3 C:\Users\Niamh\Documents\GitHub\Favours4Neighbours.FYP\Favours4Neighbours.CodeIgniter.php\vendor\codeigniter4\framework\system\CodeIgniter.php(936): App\Controllers\Logout->index()
#4 C:\Users\Niamh\Documents\GitHub\Favours4Neighbours.FYP\Favours4Neighbours.CodeIgniter.php\vendor\codeigniter4\framework\system\CodeIgniter.php(432): CodeIgniter\CodeIgniter->runController(Object(App\Controllers\Logout))
#5 C:\Users\Niamh\Documents\GitHub\Favours4Neighbours.FYP\Favours4Neighbours.CodeIgniter.php\vendor\codeigniter4\framework\system\CodeIgniter.php(333): CodeIgniter\CodeIgniter->handleRequest(NULL, Object(Config\Cache), false)
#6 C:\Users\Niamh\Documents\GitHub\Favours4Neighbours.FYP\Favours4Neighbours.CodeIgniter.php\public\index.php(44): CodeIgniter\CodeIgniter->run()
#7 C:\Users\Niamh\Documents\GitHub\Favours4Neighbours.FYP\Favours4Neighbours.CodeIgniter.php\vendor\codeigniter4\framework\system\Commands\Server\rewrite.php(45): require_once('C:\\Users\\Niamh\\...')
#8 {main}
CRITICAL - 2021-04-20 10:12:54 --> syntax error, unexpected end of file
#0 C:\Users\Niamh\Documents\GitHub\Favours4Neighbours.FYP\Favours4Neighbours.CodeIgniter.php\vendor\codeigniter4\framework\system\View\View.php(222): CodeIgniter\View\View->CodeIgniter\View\{closure}()
#1 C:\Users\Niamh\Documents\GitHub\Favours4Neighbours.FYP\Favours4Neighbours.CodeIgniter.php\vendor\codeigniter4\framework\system\Common.php(1217): CodeIgniter\View\View->render('LogoutView', Array, true)
#2 C:\Users\Niamh\Documents\GitHub\Favours4Neighbours.FYP\Favours4Neighbours.CodeIgniter.php\app\Controllers\Logout.php(23): view('LogoutView')
#3 C:\Users\Niamh\Documents\GitHub\Favours4Neighbours.FYP\Favours4Neighbours.CodeIgniter.php\vendor\codeigniter4\framework\system\CodeIgniter.php(936): App\Controllers\Logout->index()
#4 C:\Users\Niamh\Documents\GitHub\Favours4Neighbours.FYP\Favours4Neighbours.CodeIgniter.php\vendor\codeigniter4\framework\system\CodeIgniter.php(432): CodeIgniter\CodeIgniter->runController(Object(App\Controllers\Logout))
#5 C:\Users\Niamh\Documents\GitHub\Favours4Neighbours.FYP\Favours4Neighbours.CodeIgniter.php\vendor\codeigniter4\framework\system\CodeIgniter.php(333): CodeIgniter\CodeIgniter->handleRequest(NULL, Object(Config\Cache), false)
#6 C:\Users\Niamh\Documents\GitHub\Favours4Neighbours.FYP\Favours4Neighbours.CodeIgniter.php\public\index.php(44): CodeIgniter\CodeIgniter->run()
#7 C:\Users\Niamh\Documents\GitHub\Favours4Neighbours.FYP\Favours4Neighbours.CodeIgniter.php\vendor\codeigniter4\framework\system\Commands\Server\rewrite.php(45): require_once('C:\\Users\\Niamh\\...')
#8 {main}
CRITICAL - 2021-04-20 10:13:26 --> syntax error, unexpected end of file
#0 C:\Users\Niamh\Documents\GitHub\Favours4Neighbours.FYP\Favours4Neighbours.CodeIgniter.php\vendor\codeigniter4\framework\system\View\View.php(222): CodeIgniter\View\View->CodeIgniter\View\{closure}()
#1 C:\Users\Niamh\Documents\GitHub\Favours4Neighbours.FYP\Favours4Neighbours.CodeIgniter.php\vendor\codeigniter4\framework\system\Common.php(1217): CodeIgniter\View\View->render('LogoutView', Array, true)
#2 C:\Users\Niamh\Documents\GitHub\Favours4Neighbours.FYP\Favours4Neighbours.CodeIgniter.php\app\Controllers\Logout.php(23): view('LogoutView')
#3 C:\Users\Niamh\Documents\GitHub\Favours4Neighbours.FYP\Favours4Neighbours.CodeIgniter.php\vendor\codeigniter4\framework\system\CodeIgniter.php(936): App\Controllers\Logout->index()
#4 C:\Users\Niamh\Documents\GitHub\Favours4Neighbours.FYP\Favours4Neighbours.CodeIgniter.php\vendor\codeigniter4\framework\system\CodeIgniter.php(432): CodeIgniter\CodeIgniter->runController(Object(App\Controllers\Logout))
#5 C:\Users\Niamh\Documents\GitHub\Favours4Neighbours.FYP\Favours4Neighbours.CodeIgniter.php\vendor\codeigniter4\framework\system\CodeIgniter.php(333): CodeIgniter\CodeIgniter->handleRequest(NULL, Object(Config\Cache), false)
#6 C:\Users\Niamh\Documents\GitHub\Favours4Neighbours.FYP\Favours4Neighbours.CodeIgniter.php\public\index.php(44): CodeIgniter\CodeIgniter->run()
#7 C:\Users\Niamh\Documents\GitHub\Favours4Neighbours.FYP\Favours4Neighbours.CodeIgniter.php\vendor\codeigniter4\framework\system\Commands\Server\rewrite.php(45): require_once('C:\\Users\\Niamh\\...')
#8 {main}
CRITICAL - 2021-04-20 10:13:55 --> syntax error, unexpected end of file
#0 C:\Users\Niamh\Documents\GitHub\Favours4Neighbours.FYP\Favours4Neighbours.CodeIgniter.php\vendor\codeigniter4\framework\system\View\View.php(222): CodeIgniter\View\View->CodeIgniter\View\{closure}()
#1 C:\Users\Niamh\Documents\GitHub\Favours4Neighbours.FYP\Favours4Neighbours.CodeIgniter.php\vendor\codeigniter4\framework\system\Common.php(1217): CodeIgniter\View\View->render('LogoutView', Array, true)
#2 C:\Users\Niamh\Documents\GitHub\Favours4Neighbours.FYP\Favours4Neighbours.CodeIgniter.php\app\Controllers\Logout.php(23): view('LogoutView')
#3 C:\Users\Niamh\Documents\GitHub\Favours4Neighbours.FYP\Favours4Neighbours.CodeIgniter.php\vendor\codeigniter4\framework\system\CodeIgniter.php(936): App\Controllers\Logout->index()
#4 C:\Users\Niamh\Documents\GitHub\Favours4Neighbours.FYP\Favours4Neighbours.CodeIgniter.php\vendor\codeigniter4\framework\system\CodeIgniter.php(432): CodeIgniter\CodeIgniter->runController(Object(App\Controllers\Logout))
#5 C:\Users\Niamh\Documents\GitHub\Favours4Neighbours.FYP\Favours4Neighbours.CodeIgniter.php\vendor\codeigniter4\framework\system\CodeIgniter.php(333): CodeIgniter\CodeIgniter->handleRequest(NULL, Object(Config\Cache), false)
#6 C:\Users\Niamh\Documents\GitHub\Favours4Neighbours.FYP\Favours4Neighbours.CodeIgniter.php\public\index.php(44): CodeIgniter\CodeIgniter->run()
#7 C:\Users\Niamh\Documents\GitHub\Favours4Neighbours.FYP\Favours4Neighbours.CodeIgniter.php\vendor\codeigniter4\framework\system\Commands\Server\rewrite.php(45): require_once('C:\\Users\\Niamh\\...')
#8 {main}
CRITICAL - 2021-04-20 10:15:04 --> Undefined variable: mainContent
#0 C:\Users\Niamh\Documents\GitHub\Favours4Neighbours.FYP\Favours4Neighbours.CodeIgniter.php\app\Views\LogoutView.php(21): CodeIgniter\Debug\Exceptions->errorHandler(8, 'Undefined varia...', 'C:\\Users\\Niamh\\...', 21, Array)
#1 C:\Users\Niamh\Documents\GitHub\Favours4Neighbours.FYP\Favours4Neighbours.CodeIgniter.php\vendor\codeigniter4\framework\system\View\View.php(220): include('C:\\Users\\Niamh\\...')
#2 C:\Users\Niamh\Documents\GitHub\Favours4Neighbours.FYP\Favours4Neighbours.CodeIgniter.php\vendor\codeigniter4\framework\system\View\View.php(222): CodeIgniter\View\View->CodeIgniter\View\{closure}()
#3 C:\Users\Niamh\Documents\GitHub\Favours4Neighbours.FYP\Favours4Neighbours.CodeIgniter.php\vendor\codeigniter4\framework\system\Common.php(1217): CodeIgniter\View\View->render('LogoutView', Array, true)
#4 C:\Users\Niamh\Documents\GitHub\Favours4Neighbours.FYP\Favours4Neighbours.CodeIgniter.php\app\Controllers\Logout.php(23): view('LogoutView')
#5 C:\Users\Niamh\Documents\GitHub\Favours4Neighbours.FYP\Favours4Neighbours.CodeIgniter.php\vendor\codeigniter4\framework\system\CodeIgniter.php(936): App\Controllers\Logout->index()
#6 C:\Users\Niamh\Documents\GitHub\Favours4Neighbours.FYP\Favours4Neighbours.CodeIgniter.php\vendor\codeigniter4\framework\system\CodeIgniter.php(432): CodeIgniter\CodeIgniter->runController(Object(App\Controllers\Logout))
#7 C:\Users\Niamh\Documents\GitHub\Favours4Neighbours.FYP\Favours4Neighbours.CodeIgniter.php\vendor\codeigniter4\framework\system\CodeIgniter.php(333): CodeIgniter\CodeIgniter->handleRequest(NULL, Object(Config\Cache), false)
#8 C:\Users\Niamh\Documents\GitHub\Favours4Neighbours.FYP\Favours4Neighbours.CodeIgniter.php\public\index.php(44): CodeIgniter\CodeIgniter->run()
#9 C:\Users\Niamh\Documents\GitHub\Favours4Neighbours.FYP\Favours4Neighbours.CodeIgniter.php\vendor\codeigniter4\framework\system\Commands\Server\rewrite.php(45): require_once('C:\\Users\\Niamh\\...')
#10 {main}
CRITICAL - 2021-04-20 10:15:34 --> syntax error, unexpected ''LoginView'' (T_CONSTANT_ENCAPSED_STRING), expecting ';' or ','
#0 C:\Users\Niamh\Documents\GitHub\Favours4Neighbours.FYP\Favours4Neighbours.CodeIgniter.php\vendor\codeigniter4\framework\system\View\View.php(222): CodeIgniter\View\View->CodeIgniter\View\{closure}()
#1 C:\Users\Niamh\Documents\GitHub\Favours4Neighbours.FYP\Favours4Neighbours.CodeIgniter.php\vendor\codeigniter4\framework\system\Common.php(1217): CodeIgniter\View\View->render('LogoutView', Array, true)
#2 C:\Users\Niamh\Documents\GitHub\Favours4Neighbours.FYP\Favours4Neighbours.CodeIgniter.php\app\Controllers\Logout.php(23): view('LogoutView')
#3 C:\Users\Niamh\Documents\GitHub\Favours4Neighbours.FYP\Favours4Neighbours.CodeIgniter.php\vendor\codeigniter4\framework\system\CodeIgniter.php(936): App\Controllers\Logout->index()
#4 C:\Users\Niamh\Documents\GitHub\Favours4Neighbours.FYP\Favours4Neighbours.CodeIgniter.php\vendor\codeigniter4\framework\system\CodeIgniter.php(432): CodeIgniter\CodeIgniter->runController(Object(App\Controllers\Logout))
#5 C:\Users\Niamh\Documents\GitHub\Favours4Neighbours.FYP\Favours4Neighbours.CodeIgniter.php\vendor\codeigniter4\framework\system\CodeIgniter.php(333): CodeIgniter\CodeIgniter->handleRequest(NULL, Object(Config\Cache), false)
#6 C:\Users\Niamh\Documents\GitHub\Favours4Neighbours.FYP\Favours4Neighbours.CodeIgniter.php\public\index.php(44): CodeIgniter\CodeIgniter->run()
#7 C:\Users\Niamh\Documents\GitHub\Favours4Neighbours.FYP\Favours4Neighbours.CodeIgniter.php\vendor\codeigniter4\framework\system\Commands\Server\rewrite.php(45): require_once('C:\\Users\\Niamh\\...')
#8 {main}
CRITICAL - 2021-04-20 13:11:52 --> Undefined variable: jobApplications
#0 C:\Users\Niamh\Documents\GitHub\Favours4Neighbours.FYP\Favours4Neighbours.CodeIgniter.php\app\Views\MyApplicationsView.php(12): CodeIgniter\Debug\Exceptions->errorHandler(8, 'Undefined varia...', 'C:\\Users\\Niamh\\...', 12, Array)
#1 C:\Users\Niamh\Documents\GitHub\Favours4Neighbours.FYP\Favours4Neighbours.CodeIgniter.php\vendor\codeigniter4\framework\system\View\View.php(220): include('C:\\Users\\Niamh\\...')
#2 C:\Users\Niamh\Documents\GitHub\Favours4Neighbours.FYP\Favours4Neighbours.CodeIgniter.php\vendor\codeigniter4\framework\system\View\View.php(222): CodeIgniter\View\View->CodeIgniter\View\{closure}()
#3 C:\Users\Niamh\Documents\GitHub\Favours4Neighbours.FYP\Favours4Neighbours.CodeIgniter.php\vendor\codeigniter4\framework\system\Common.php(1217): CodeIgniter\View\View->render('MyApplicationsV...', Array, true)
#4 C:\Users\Niamh\Documents\GitHub\Favours4Neighbours.FYP\Favours4Neighbours.CodeIgniter.php\app\Controllers\Client\Applications.php(67): view('MyApplicationsV...', Array)
#5 C:\Users\Niamh\Documents\GitHub\Favours4Neighbours.FYP\Favours4Neighbours.CodeIgniter.php\vendor\codeigniter4\framework\system\CodeIgniter.php(936): App\Controllers\Client\Applications->myapplications()
#6 C:\Users\Niamh\Documents\GitHub\Favours4Neighbours.FYP\Favours4Neighbours.CodeIgniter.php\vendor\codeigniter4\framework\system\CodeIgniter.php(432): CodeIgniter\CodeIgniter->runController(Object(App\Controllers\Client\Applications))
#7 C:\Users\Niamh\Documents\GitHub\Favours4Neighbours.FYP\Favours4Neighbours.CodeIgniter.php\vendor\codeigniter4\framework\system\CodeIgniter.php(333): CodeIgniter\CodeIgniter->handleRequest(NULL, Object(Config\Cache), false)
#8 C:\Users\Niamh\Documents\GitHub\Favours4Neighbours.FYP\Favours4Neighbours.CodeIgniter.php\public\index.php(44): CodeIgniter\CodeIgniter->run()
#9 C:\Users\Niamh\Documents\GitHub\Favours4Neighbours.FYP\Favours4Neighbours.CodeIgniter.php\vendor\codeigniter4\framework\system\Commands\Server\rewrite.php(45): require_once('C:\\Users\\Niamh\\...')
#10 {main}
CRITICAL - 2021-04-20 13:28:36 --> Cannot use object of type CodeIgniter\HTTP\RedirectResponse as array
#0 C:\Users\Niamh\Documents\GitHub\Favours4Neighbours.FYP\Favours4Neighbours.CodeIgniter.php\vendor\codeigniter4\framework\system\View\View.php(220): include()
#1 C:\Users\Niamh\Documents\GitHub\Favours4Neighbours.FYP\Favours4Neighbours.CodeIgniter.php\vendor\codeigniter4\framework\system\View\View.php(222): CodeIgniter\View\View->CodeIgniter\View\{closure}()
#2 C:\Users\Niamh\Documents\GitHub\Favours4Neighbours.FYP\Favours4Neighbours.CodeIgniter.php\vendor\codeigniter4\framework\system\Common.php(1217): CodeIgniter\View\View->render('JobEditView', Array, true)
#3 C:\Users\Niamh\Documents\GitHub\Favours4Neighbours.FYP\Favours4Neighbours.CodeIgniter.php\app\Controllers\Client\Jobs.php(268): view('JobEditView', Array)
#4 C:\Users\Niamh\Documents\GitHub\Favours4Neighbours.FYP\Favours4Neighbours.CodeIgniter.php\app\Controllers\Client\Jobs.php(179): App\Controllers\Client\Jobs->getEditView('123456807', Object(CodeIgniter\HTTP\RedirectResponse))
#5 C:\Users\Niamh\Documents\GitHub\Favours4Neighbours.FYP\Favours4Neighbours.CodeIgniter.php\vendor\codeigniter4\framework\system\CodeIgniter.php(936): App\Controllers\Client\Jobs->edit('123456807')
#6 C:\Users\Niamh\Documents\GitHub\Favours4Neighbours.FYP\Favours4Neighbours.CodeIgniter.php\vendor\codeigniter4\framework\system\CodeIgniter.php(432): CodeIgniter\CodeIgniter->runController(Object(App\Controllers\Client\Jobs))
#7 C:\Users\Niamh\Documents\GitHub\Favours4Neighbours.FYP\Favours4Neighbours.CodeIgniter.php\vendor\codeigniter4\framework\system\CodeIgniter.php(333): CodeIgniter\CodeIgniter->handleRequest(NULL, Object(Config\Cache), false)
#8 C:\Users\Niamh\Documents\GitHub\Favours4Neighbours.FYP\Favours4Neighbours.CodeIgniter.php\public\index.php(44): CodeIgniter\CodeIgniter->run()
#9 C:\Users\Niamh\Documents\GitHub\Favours4Neighbours.FYP\Favours4Neighbours.CodeIgniter.php\vendor\codeigniter4\framework\system\Commands\Server\rewrite.php(45): require_once('C:\\Users\\Niamh\\...')
#10 {main}
CRITICAL - 2021-04-20 13:28:46 --> Too few arguments to function App\Controllers\Client\Jobs::edit(), 0 passed in C:\Users\Niamh\Documents\GitHub\Favours4Neighbours.FYP\Favours4Neighbours.CodeIgniter.php\vendor\codeigniter4\framework\system\CodeIgniter.php on line 936 and exactly 1 expected
#0 C:\Users\Niamh\Documents\GitHub\Favours4Neighbours.FYP\Favours4Neighbours.CodeIgniter.php\vendor\codeigniter4\framework\system\CodeIgniter.php(936): App\Controllers\Client\Jobs->edit()
#1 C:\Users\Niamh\Documents\GitHub\Favours4Neighbours.FYP\Favours4Neighbours.CodeIgniter.php\vendor\codeigniter4\framework\system\CodeIgniter.php(432): CodeIgniter\CodeIgniter->runController(Object(App\Controllers\Client\Jobs))
#2 C:\Users\Niamh\Documents\GitHub\Favours4Neighbours.FYP\Favours4Neighbours.CodeIgniter.php\vendor\codeigniter4\framework\system\CodeIgniter.php(333): CodeIgniter\CodeIgniter->handleRequest(NULL, Object(Config\Cache), false)
#3 C:\Users\Niamh\Documents\GitHub\Favours4Neighbours.FYP\Favours4Neighbours.CodeIgniter.php\public\index.php(44): CodeIgniter\CodeIgniter->run()
#4 C:\Users\Niamh\Documents\GitHub\Favours4Neighbours.FYP\Favours4Neighbours.CodeIgniter.php\vendor\codeigniter4\framework\system\Commands\Server\rewrite.php(45): require_once('C:\\Users\\Niamh\\...')
#5 {main}
CRITICAL - 2021-04-20 13:29:14 --> Too few arguments to function App\Controllers\Client\Jobs::edit(), 0 passed in C:\Users\Niamh\Documents\GitHub\Favours4Neighbours.FYP\Favours4Neighbours.CodeIgniter.php\vendor\codeigniter4\framework\system\CodeIgniter.php on line 936 and exactly 1 expected
#0 C:\Users\Niamh\Documents\GitHub\Favours4Neighbours.FYP\Favours4Neighbours.CodeIgniter.php\vendor\codeigniter4\framework\system\CodeIgniter.php(936): App\Controllers\Client\Jobs->edit()
#1 C:\Users\Niamh\Documents\GitHub\Favours4Neighbours.FYP\Favours4Neighbours.CodeIgniter.php\vendor\codeigniter4\framework\system\CodeIgniter.php(432): CodeIgniter\CodeIgniter->runController(Object(App\Controllers\Client\Jobs))
#2 C:\Users\Niamh\Documents\GitHub\Favours4Neighbours.FYP\Favours4Neighbours.CodeIgniter.php\vendor\codeigniter4\framework\system\CodeIgniter.php(333): CodeIgniter\CodeIgniter->handleRequest(NULL, Object(Config\Cache), false)
#3 C:\Users\Niamh\Documents\GitHub\Favours4Neighbours.FYP\Favours4Neighbours.CodeIgniter.php\public\index.php(44): CodeIgniter\CodeIgniter->run()
#4 C:\Users\Niamh\Documents\GitHub\Favours4Neighbours.FYP\Favours4Neighbours.CodeIgniter.php\vendor\codeigniter4\framework\system\Commands\Server\rewrite.php(45): require_once('C:\\Users\\Niamh\\...')
#5 {main}
CRITICAL - 2021-04-20 13:29:31 --> Too few arguments to function App\Controllers\Client\Jobs::edit(), 0 passed in C:\Users\Niamh\Documents\GitHub\Favours4Neighbours.FYP\Favours4Neighbours.CodeIgniter.php\vendor\codeigniter4\framework\system\CodeIgniter.php on line 936 and exactly 1 expected
#0 C:\Users\Niamh\Documents\GitHub\Favours4Neighbours.FYP\Favours4Neighbours.CodeIgniter.php\vendor\codeigniter4\framework\system\CodeIgniter.php(936): App\Controllers\Client\Jobs->edit()
#1 C:\Users\Niamh\Documents\GitHub\Favours4Neighbours.FYP\Favours4Neighbours.CodeIgniter.php\vendor\codeigniter4\framework\system\CodeIgniter.php(432): CodeIgniter\CodeIgniter->runController(Object(App\Controllers\Client\Jobs))
#2 C:\Users\Niamh\Documents\GitHub\Favours4Neighbours.FYP\Favours4Neighbours.CodeIgniter.php\vendor\codeigniter4\framework\system\CodeIgniter.php(333): CodeIgniter\CodeIgniter->handleRequest(NULL, Object(Config\Cache), false)
#3 C:\Users\Niamh\Documents\GitHub\Favours4Neighbours.FYP\Favours4Neighbours.CodeIgniter.php\public\index.php(44): CodeIgniter\CodeIgniter->run()
#4 C:\Users\Niamh\Documents\GitHub\Favours4Neighbours.FYP\Favours4Neighbours.CodeIgniter.php\vendor\codeigniter4\framework\system\Commands\Server\rewrite.php(45): require_once('C:\\Users\\Niamh\\...')
#5 {main}
CRITICAL - 2021-04-20 14:19:23 --> Too few arguments to function App\Controllers\Client\Jobs::edit(), 0 passed in C:\Users\Niamh\Documents\GitHub\Favours4Neighbours.FYP\Favours4Neighbours.CodeIgniter.php\vendor\codeigniter4\framework\system\CodeIgniter.php on line 936 and exactly 1 expected
#0 C:\Users\Niamh\Documents\GitHub\Favours4Neighbours.FYP\Favours4Neighbours.CodeIgniter.php\vendor\codeigniter4\framework\system\CodeIgniter.php(936): App\Controllers\Client\Jobs->edit()
#1 C:\Users\Niamh\Documents\GitHub\Favours4Neighbours.FYP\Favours4Neighbours.CodeIgniter.php\vendor\codeigniter4\framework\system\CodeIgniter.php(432): CodeIgniter\CodeIgniter->runController(Object(App\Controllers\Client\Jobs))
#2 C:\Users\Niamh\Documents\GitHub\Favours4Neighbours.FYP\Favours4Neighbours.CodeIgniter.php\vendor\codeigniter4\framework\system\CodeIgniter.php(333): CodeIgniter\CodeIgniter->handleRequest(NULL, Object(Config\Cache), false)
#3 C:\Users\Niamh\Documents\GitHub\Favours4Neighbours.FYP\Favours4Neighbours.CodeIgniter.php\public\index.php(44): CodeIgniter\CodeIgniter->run()
#4 C:\Users\Niamh\Documents\GitHub\Favours4Neighbours.FYP\Favours4Neighbours.CodeIgniter.php\vendor\codeigniter4\framework\system\Commands\Server\rewrite.php(45): require_once('C:\\Users\\Niamh\\...')
#5 {main}
CRITICAL - 2021-04-20 14:19:53 --> Cannot use object of type CodeIgniter\HTTP\RedirectResponse as array
#0 C:\Users\Niamh\Documents\GitHub\Favours4Neighbours.FYP\Favours4Neighbours.CodeIgniter.php\vendor\codeigniter4\framework\system\View\View.php(220): include()
#1 C:\Users\Niamh\Documents\GitHub\Favours4Neighbours.FYP\Favours4Neighbours.CodeIgniter.php\vendor\codeigniter4\framework\system\View\View.php(222): CodeIgniter\View\View->CodeIgniter\View\{closure}()
#2 C:\Users\Niamh\Documents\GitHub\Favours4Neighbours.FYP\Favours4Neighbours.CodeIgniter.php\vendor\codeigniter4\framework\system\Common.php(1217): CodeIgniter\View\View->render('JobEditView', Array, true)
#3 C:\Users\Niamh\Documents\GitHub\Favours4Neighbours.FYP\Favours4Neighbours.CodeIgniter.php\app\Controllers\Client\Jobs.php(268): view('JobEditView', Array)
#4 C:\Users\Niamh\Documents\GitHub\Favours4Neighbours.FYP\Favours4Neighbours.CodeIgniter.php\app\Controllers\Client\Jobs.php(179): App\Controllers\Client\Jobs->getEditView('123456807', Object(CodeIgniter\HTTP\RedirectResponse))
#5 C:\Users\Niamh\Documents\GitHub\Favours4Neighbours.FYP\Favours4Neighbours.CodeIgniter.php\vendor\codeigniter4\framework\system\CodeIgniter.php(936): App\Controllers\Client\Jobs->edit('123456807')
#6 C:\Users\Niamh\Documents\GitHub\Favours4Neighbours.FYP\Favours4Neighbours.CodeIgniter.php\vendor\codeigniter4\framework\system\CodeIgniter.php(432): CodeIgniter\CodeIgniter->runController(Object(App\Controllers\Client\Jobs))
#7 C:\Users\Niamh\Documents\GitHub\Favours4Neighbours.FYP\Favours4Neighbours.CodeIgniter.php\vendor\codeigniter4\framework\system\CodeIgniter.php(333): CodeIgniter\CodeIgniter->handleRequest(NULL, Object(Config\Cache), false)
#8 C:\Users\Niamh\Documents\GitHub\Favours4Neighbours.FYP\Favours4Neighbours.CodeIgniter.php\public\index.php(44): CodeIgniter\CodeIgniter->run()
#9 C:\Users\Niamh\Documents\GitHub\Favours4Neighbours.FYP\Favours4Neighbours.CodeIgniter.php\vendor\codeigniter4\framework\system\Commands\Server\rewrite.php(45): require_once('C:\\Users\\Niamh\\...')
#10 {main}
CRITICAL - 2021-04-20 14:26:56 --> Call to undefined function App\Controllers\Client\transformObjectArrayWithNullValue()
#0 C:\Users\Niamh\Documents\GitHub\Favours4Neighbours.FYP\Favours4Neighbours.CodeIgniter.php\app\Controllers\Client\Jobs.php(192): App\Controllers\Client\Jobs->getCreateView()
#1 C:\Users\Niamh\Documents\GitHub\Favours4Neighbours.FYP\Favours4Neighbours.CodeIgniter.php\vendor\codeigniter4\framework\system\CodeIgniter.php(936): App\Controllers\Client\Jobs->create()
#2 C:\Users\Niamh\Documents\GitHub\Favours4Neighbours.FYP\Favours4Neighbours.CodeIgniter.php\vendor\codeigniter4\framework\system\CodeIgniter.php(432): CodeIgniter\CodeIgniter->runController(Object(App\Controllers\Client\Jobs))
#3 C:\Users\Niamh\Documents\GitHub\Favours4Neighbours.FYP\Favours4Neighbours.CodeIgniter.php\vendor\codeigniter4\framework\system\CodeIgniter.php(333): CodeIgniter\CodeIgniter->handleRequest(NULL, Object(Config\Cache), false)
#4 C:\Users\Niamh\Documents\GitHub\Favours4Neighbours.FYP\Favours4Neighbours.CodeIgniter.php\public\index.php(44): CodeIgniter\CodeIgniter->run()
#5 C:\Users\Niamh\Documents\GitHub\Favours4Neighbours.FYP\Favours4Neighbours.CodeIgniter.php\vendor\codeigniter4\framework\system\Commands\Server\rewrite.php(45): require_once('C:\\Users\\Niamh\\...')
#6 {main}
CRITICAL - 2021-04-20 14:28:12 --> Call to undefined function App\Controllers\Client\transformObjectArrayWithNullValue()
#0 C:\Users\Niamh\Documents\GitHub\Favours4Neighbours.FYP\Favours4Neighbours.CodeIgniter.php\app\Controllers\Client\Jobs.php(192): App\Controllers\Client\Jobs->getCreateView()
#1 C:\Users\Niamh\Documents\GitHub\Favours4Neighbours.FYP\Favours4Neighbours.CodeIgniter.php\vendor\codeigniter4\framework\system\CodeIgniter.php(936): App\Controllers\Client\Jobs->create()
#2 C:\Users\Niamh\Documents\GitHub\Favours4Neighbours.FYP\Favours4Neighbours.CodeIgniter.php\vendor\codeigniter4\framework\system\CodeIgniter.php(432): CodeIgniter\CodeIgniter->runController(Object(App\Controllers\Client\Jobs))
#3 C:\Users\Niamh\Documents\GitHub\Favours4Neighbours.FYP\Favours4Neighbours.CodeIgniter.php\vendor\codeigniter4\framework\system\CodeIgniter.php(333): CodeIgniter\CodeIgniter->handleRequest(NULL, Object(Config\Cache), false)
#4 C:\Users\Niamh\Documents\GitHub\Favours4Neighbours.FYP\Favours4Neighbours.CodeIgniter.php\public\index.php(44): CodeIgniter\CodeIgniter->run()
#5 C:\Users\Niamh\Documents\GitHub\Favours4Neighbours.FYP\Favours4Neighbours.CodeIgniter.php\vendor\codeigniter4\framework\system\Commands\Server\rewrite.php(45): require_once('C:\\Users\\Niamh\\...')
#6 {main}
CRITICAL - 2021-04-20 14:28:44 --> Call to undefined function App\Controllers\Client\transformObjectArrayWithNullValue()
#0 C:\Users\Niamh\Documents\GitHub\Favours4Neighbours.FYP\Favours4Neighbours.CodeIgniter.php\app\Controllers\Client\Jobs.php(192): App\Controllers\Client\Jobs->getCreateView()
#1 C:\Users\Niamh\Documents\GitHub\Favours4Neighbours.FYP\Favours4Neighbours.CodeIgniter.php\vendor\codeigniter4\framework\system\CodeIgniter.php(936): App\Controllers\Client\Jobs->create()
#2 C:\Users\Niamh\Documents\GitHub\Favours4Neighbours.FYP\Favours4Neighbours.CodeIgniter.php\vendor\codeigniter4\framework\system\CodeIgniter.php(432): CodeIgniter\CodeIgniter->runController(Object(App\Controllers\Client\Jobs))
#3 C:\Users\Niamh\Documents\GitHub\Favours4Neighbours.FYP\Favours4Neighbours.CodeIgniter.php\vendor\codeigniter4\framework\system\CodeIgniter.php(333): CodeIgniter\CodeIgniter->handleRequest(NULL, Object(Config\Cache), false)
#4 C:\Users\Niamh\Documents\GitHub\Favours4Neighbours.FYP\Favours4Neighbours.CodeIgniter.php\public\index.php(44): CodeIgniter\CodeIgniter->run()
#5 C:\Users\Niamh\Documents\GitHub\Favours4Neighbours.FYP\Favours4Neighbours.CodeIgniter.php\vendor\codeigniter4\framework\system\Commands\Server\rewrite.php(45): require_once('C:\\Users\\Niamh\\...')
#6 {main}
CRITICAL - 2021-04-20 14:29:36 --> Call to undefined function App\Controllers\Client\transformObjectArrayWithNullValue()
#0 C:\Users\Niamh\Documents\GitHub\Favours4Neighbours.FYP\Favours4Neighbours.CodeIgniter.php\app\Controllers\Client\Jobs.php(192): App\Controllers\Client\Jobs->getCreateView()
#1 C:\Users\Niamh\Documents\GitHub\Favours4Neighbours.FYP\Favours4Neighbours.CodeIgniter.php\vendor\codeigniter4\framework\system\CodeIgniter.php(936): App\Controllers\Client\Jobs->create()
#2 C:\Users\Niamh\Documents\GitHub\Favours4Neighbours.FYP\Favours4Neighbours.CodeIgniter.php\vendor\codeigniter4\framework\system\CodeIgniter.php(432): CodeIgniter\CodeIgniter->runController(Object(App\Controllers\Client\Jobs))
#3 C:\Users\Niamh\Documents\GitHub\Favours4Neighbours.FYP\Favours4Neighbours.CodeIgniter.php\vendor\codeigniter4\framework\system\CodeIgniter.php(333): CodeIgniter\CodeIgniter->handleRequest(NULL, Object(Config\Cache), false)
#4 C:\Users\Niamh\Documents\GitHub\Favours4Neighbours.FYP\Favours4Neighbours.CodeIgniter.php\public\index.php(44): CodeIgniter\CodeIgniter->run()
#5 C:\Users\Niamh\Documents\GitHub\Favours4Neighbours.FYP\Favours4Neighbours.CodeIgniter.php\vendor\codeigniter4\framework\system\Commands\Server\rewrite.php(45): require_once('C:\\Users\\Niamh\\...')
#6 {main}
CRITICAL - 2021-04-20 14:31:11 --> Call to undefined function App\Controllers\Client\transformObjectArrayWithNullValue()
#0 C:\Users\Niamh\Documents\GitHub\Favours4Neighbours.FYP\Favours4Neighbours.CodeIgniter.php\app\Controllers\Client\Jobs.php(192): App\Controllers\Client\Jobs->getCreateView()
#1 C:\Users\Niamh\Documents\GitHub\Favours4Neighbours.FYP\Favours4Neighbours.CodeIgniter.php\vendor\codeigniter4\framework\system\CodeIgniter.php(936): App\Controllers\Client\Jobs->create()
#2 C:\Users\Niamh\Documents\GitHub\Favours4Neighbours.FYP\Favours4Neighbours.CodeIgniter.php\vendor\codeigniter4\framework\system\CodeIgniter.php(432): CodeIgniter\CodeIgniter->runController(Object(App\Controllers\Client\Jobs))
#3 C:\Users\Niamh\Documents\GitHub\Favours4Neighbours.FYP\Favours4Neighbours.CodeIgniter.php\vendor\codeigniter4\framework\system\CodeIgniter.php(333): CodeIgniter\CodeIgniter->handleRequest(NULL, Object(Config\Cache), false)
#4 C:\Users\Niamh\Documents\GitHub\Favours4Neighbours.FYP\Favours4Neighbours.CodeIgniter.php\public\index.php(44): CodeIgniter\CodeIgniter->run()
#5 C:\Users\Niamh\Documents\GitHub\Favours4Neighbours.FYP\Favours4Neighbours.CodeIgniter.php\vendor\codeigniter4\framework\system\Commands\Server\rewrite.php(45): require_once('C:\\Users\\Niamh\\...')
#6 {main}
CRITICAL - 2021-04-20 15:21:26 --> Undefined variable: user
#0 C:\Users\Niamh\Documents\GitHub\Favours4Neighbours.FYP\Favours4Neighbours.CodeIgniter.php\app\Controllers\Client\Profile.php(49): CodeIgniter\Debug\Exceptions->errorHandler(8, 'Undefined varia...', 'C:\\Users\\Niamh\\...', 49, Array)
#1 C:\Users\Niamh\Documents\GitHub\Favours4Neighbours.FYP\Favours4Neighbours.CodeIgniter.php\app\Controllers\Client\Profile.php(22): App\Controllers\Client\Profile->getChangePasswordView()
#2 C:\Users\Niamh\Documents\GitHub\Favours4Neighbours.FYP\Favours4Neighbours.CodeIgniter.php\vendor\codeigniter4\framework\system\CodeIgniter.php(936): App\Controllers\Client\Profile->changepassword()
#3 C:\Users\Niamh\Documents\GitHub\Favours4Neighbours.FYP\Favours4Neighbours.CodeIgniter.php\vendor\codeigniter4\framework\system\CodeIgniter.php(432): CodeIgniter\CodeIgniter->runController(Object(App\Controllers\Client\Profile))
#4 C:\Users\Niamh\Documents\GitHub\Favours4Neighbours.FYP\Favours4Neighbours.CodeIgniter.php\vendor\codeigniter4\framework\system\CodeIgniter.php(333): CodeIgniter\CodeIgniter->handleRequest(NULL, Object(Config\Cache), false)
#5 C:\Users\Niamh\Documents\GitHub\Favours4Neighbours.FYP\Favours4Neighbours.CodeIgniter.php\public\index.php(44): CodeIgniter\CodeIgniter->run()
#6 C:\Users\Niamh\Documents\GitHub\Favours4Neighbours.FYP\Favours4Neighbours.CodeIgniter.php\vendor\codeigniter4\framework\system\Commands\Server\rewrite.php(45): require_once('C:\\Users\\Niamh\\...')
#7 {main}
CRITICAL - 2021-04-20 15:52:33 --> Cannot redeclare App\Controllers\Client\Profile::createUserValuesArrayFromPostArray()
#0 [internal function]: CodeIgniter\Debug\Exceptions->shutdownHandler()
#1 {main}
CRITICAL - 2021-04-20 15:53:58 --> syntax error, unexpected 'private' (T_PRIVATE), expecting end of file
#0 C:\Users\Niamh\Documents\GitHub\Favours4Neighbours.FYP\Favours4Neighbours.CodeIgniter.php\vendor\codeigniter4\framework\system\Router\Router.php(170): CodeIgniter\Router\Router->autoRoute('client/profile')
#1 C:\Users\Niamh\Documents\GitHub\Favours4Neighbours.FYP\Favours4Neighbours.CodeIgniter.php\vendor\codeigniter4\framework\system\CodeIgniter.php(816): CodeIgniter\Router\Router->handle('client/profile')
#2 C:\Users\Niamh\Documents\GitHub\Favours4Neighbours.FYP\Favours4Neighbours.CodeIgniter.php\vendor\codeigniter4\framework\system\CodeIgniter.php(385): CodeIgniter\CodeIgniter->tryToRouteIt(Object(CodeIgniter\Router\RouteCollection))
#3 C:\Users\Niamh\Documents\GitHub\Favours4Neighbours.FYP\Favours4Neighbours.CodeIgniter.php\vendor\codeigniter4\framework\system\CodeIgniter.php(333): CodeIgniter\CodeIgniter->handleRequest(NULL, Object(Config\Cache), false)
#4 C:\Users\Niamh\Documents\GitHub\Favours4Neighbours.FYP\Favours4Neighbours.CodeIgniter.php\public\index.php(44): CodeIgniter\CodeIgniter->run()
#5 C:\Users\Niamh\Documents\GitHub\Favours4Neighbours.FYP\Favours4Neighbours.CodeIgniter.php\vendor\codeigniter4\framework\system\Commands\Server\rewrite.php(45): require_once('C:\\Users\\Niamh\\...')
#6 {main}
CRITICAL - 2021-04-20 15:54:48 --> syntax error, unexpected 'public' (T_PUBLIC), expecting end of file
#0 C:\Users\Niamh\Documents\GitHub\Favours4Neighbours.FYP\Favours4Neighbours.CodeIgniter.php\vendor\codeigniter4\framework\system\Router\Router.php(170): CodeIgniter\Router\Router->autoRoute('client/profile')
#1 C:\Users\Niamh\Documents\GitHub\Favours4Neighbours.FYP\Favours4Neighbours.CodeIgniter.php\vendor\codeigniter4\framework\system\CodeIgniter.php(816): CodeIgniter\Router\Router->handle('client/profile')
#2 C:\Users\Niamh\Documents\GitHub\Favours4Neighbours.FYP\Favours4Neighbours.CodeIgniter.php\vendor\codeigniter4\framework\system\CodeIgniter.php(385): CodeIgniter\CodeIgniter->tryToRouteIt(Object(CodeIgniter\Router\RouteCollection))
#3 C:\Users\Niamh\Documents\GitHub\Favours4Neighbours.FYP\Favours4Neighbours.CodeIgniter.php\vendor\codeigniter4\framework\system\CodeIgniter.php(333): CodeIgniter\CodeIgniter->handleRequest(NULL, Object(Config\Cache), false)
#4 C:\Users\Niamh\Documents\GitHub\Favours4Neighbours.FYP\Favours4Neighbours.CodeIgniter.php\public\index.php(44): CodeIgniter\CodeIgniter->run()
#5 C:\Users\Niamh\Documents\GitHub\Favours4Neighbours.FYP\Favours4Neighbours.CodeIgniter.php\vendor\codeigniter4\framework\system\Commands\Server\rewrite.php(45): require_once('C:\\Users\\Niamh\\...')
#6 {main}
CRITICAL - 2021-04-20 15:55:23 --> syntax error, unexpected '}', expecting end of file
#0 C:\Users\Niamh\Documents\GitHub\Favours4Neighbours.FYP\Favours4Neighbours.CodeIgniter.php\vendor\codeigniter4\framework\system\Router\Router.php(170): CodeIgniter\Router\Router->autoRoute('client/profile')
#1 C:\Users\Niamh\Documents\GitHub\Favours4Neighbours.FYP\Favours4Neighbours.CodeIgniter.php\vendor\codeigniter4\framework\system\CodeIgniter.php(816): CodeIgniter\Router\Router->handle('client/profile')
#2 C:\Users\Niamh\Documents\GitHub\Favours4Neighbours.FYP\Favours4Neighbours.CodeIgniter.php\vendor\codeigniter4\framework\system\CodeIgniter.php(385): CodeIgniter\CodeIgniter->tryToRouteIt(Object(CodeIgniter\Router\RouteCollection))
#3 C:\Users\Niamh\Documents\GitHub\Favours4Neighbours.FYP\Favours4Neighbours.CodeIgniter.php\vendor\codeigniter4\framework\system\CodeIgniter.php(333): CodeIgniter\CodeIgniter->handleRequest(NULL, Object(Config\Cache), false)
#4 C:\Users\Niamh\Documents\GitHub\Favours4Neighbours.FYP\Favours4Neighbours.CodeIgniter.php\public\index.php(44): CodeIgniter\CodeIgniter->run()
#5 C:\Users\Niamh\Documents\GitHub\Favours4Neighbours.FYP\Favours4Neighbours.CodeIgniter.php\vendor\codeigniter4\framework\system\Commands\Server\rewrite.php(45): require_once('C:\\Users\\Niamh\\...')
#6 {main}
CRITICAL - 2021-04-20 15:55:34 --> Call to undefined method App\Controllers\Client\Profile::isLoggedIn()
#0 C:\Users\Niamh\Documents\GitHub\Favours4Neighbours.FYP\Favours4Neighbours.CodeIgniter.php\vendor\codeigniter4\framework\system\CodeIgniter.php(936): App\Controllers\Client\Profile->index()
#1 C:\Users\Niamh\Documents\GitHub\Favours4Neighbours.FYP\Favours4Neighbours.CodeIgniter.php\vendor\codeigniter4\framework\system\CodeIgniter.php(432): CodeIgniter\CodeIgniter->runController(Object(App\Controllers\Client\Profile))
#2 C:\Users\Niamh\Documents\GitHub\Favours4Neighbours.FYP\Favours4Neighbours.CodeIgniter.php\vendor\codeigniter4\framework\system\CodeIgniter.php(333): CodeIgniter\CodeIgniter->handleRequest(NULL, Object(Config\Cache), false)
#3 C:\Users\Niamh\Documents\GitHub\Favours4Neighbours.FYP\Favours4Neighbours.CodeIgniter.php\public\index.php(44): CodeIgniter\CodeIgniter->run()
#4 C:\Users\Niamh\Documents\GitHub\Favours4Neighbours.FYP\Favours4Neighbours.CodeIgniter.php\vendor\codeigniter4\framework\system\Commands\Server\rewrite.php(45): require_once('C:\\Users\\Niamh\\...')
#5 {main}
CRITICAL - 2021-04-20 15:56:25 --> Call to undefined method App\Controllers\Client\Profile::isLoggedIn()
#0 C:\Users\Niamh\Documents\GitHub\Favours4Neighbours.FYP\Favours4Neighbours.CodeIgniter.php\vendor\codeigniter4\framework\system\CodeIgniter.php(936): App\Controllers\Client\Profile->index()
#1 C:\Users\Niamh\Documents\GitHub\Favours4Neighbours.FYP\Favours4Neighbours.CodeIgniter.php\vendor\codeigniter4\framework\system\CodeIgniter.php(432): CodeIgniter\CodeIgniter->runController(Object(App\Controllers\Client\Profile))
#2 C:\Users\Niamh\Documents\GitHub\Favours4Neighbours.FYP\Favours4Neighbours.CodeIgniter.php\vendor\codeigniter4\framework\system\CodeIgniter.php(333): CodeIgniter\CodeIgniter->handleRequest(NULL, Object(Config\Cache), false)
#3 C:\Users\Niamh\Documents\GitHub\Favours4Neighbours.FYP\Favours4Neighbours.CodeIgniter.php\public\index.php(44): CodeIgniter\CodeIgniter->run()
#4 C:\Users\Niamh\Documents\GitHub\Favours4Neighbours.FYP\Favours4Neighbours.CodeIgniter.php\vendor\codeigniter4\framework\system\Commands\Server\rewrite.php(45): require_once('C:\\Users\\Niamh\\...')
#5 {main}
CRITICAL - 2021-04-20 15:57:32 --> Cannot redeclare App\Controllers\Client\Profile::createUserValuesArrayFromPostArray()
#0 [internal function]: CodeIgniter\Debug\Exceptions->shutdownHandler()
#1 {main}
