CRITICAL - 2021-04-14 03:21:05 --> Undefined property: App\Controllers\CreateJob::$JobCategoryRepository
#0 C:\Users\Niamh\Documents\GitHub\Favours4Neighbours.FYP\Favours4Neighbours.CodeIgniter.php\app\Controllers\CreateJob.php(30): CodeIgniter\Debug\Exceptions->errorHandler(8, 'Undefined prope...', 'C:\\Users\\Niamh\\...', 30, Array)
#1 C:\Users\Niamh\Documents\GitHub\Favours4Neighbours.FYP\Favours4Neighbours.CodeIgniter.php\vendor\codeigniter4\framework\system\CodeIgniter.php(936): App\Controllers\CreateJob->index()
#2 C:\Users\Niamh\Documents\GitHub\Favours4Neighbours.FYP\Favours4Neighbours.CodeIgniter.php\vendor\codeigniter4\framework\system\CodeIgniter.php(432): CodeIgniter\CodeIgniter->runController(Object(App\Controllers\CreateJob))
#3 C:\Users\Niamh\Documents\GitHub\Favours4Neighbours.FYP\Favours4Neighbours.CodeIgniter.php\vendor\codeigniter4\framework\system\CodeIgniter.php(333): CodeIgniter\CodeIgniter->handleRequest(NULL, Object(Config\Cache), false)
#4 C:\Users\Niamh\Documents\GitHub\Favours4Neighbours.FYP\Favours4Neighbours.CodeIgniter.php\public\index.php(44): CodeIgniter\CodeIgniter->run()
#5 C:\Users\Niamh\Documents\GitHub\Favours4Neighbours.FYP\Favours4Neighbours.CodeIgniter.php\vendor\codeigniter4\framework\system\Commands\Server\rewrite.php(45): require_once('C:\\Users\\Niamh\\...')
#6 {main}
ERROR - 2021-04-14 03:25:43 --> mysqli_sql_exception: Column 'CreatedBy' cannot be null in C:\Users\Niamh\Documents\GitHub\Favours4Neighbours.FYP\Favours4Neighbours.CodeIgniter.php\vendor\codeigniter4\framework\system\Database\MySQLi\Connection.php:314
Stack trace:
#0 C:\Users\Niamh\Documents\GitHub\Favours4Neighbours.FYP\Favours4Neighbours.CodeIgniter.php\vendor\codeigniter4\framework\system\Database\MySQLi\Connection.php(314): mysqli->query('INSERT INTO `jo...')
#1 C:\Users\Niamh\Documents\GitHub\Favours4Neighbours.FYP\Favours4Neighbours.CodeIgniter.php\vendor\codeigniter4\framework\system\Database\BaseConnection.php(713): CodeIgniter\Database\MySQLi\Connection->execute('INSERT INTO `jo...')
#2 C:\Users\Niamh\Documents\GitHub\Favours4Neighbours.FYP\Favours4Neighbours.CodeIgniter.php\vendor\codeigniter4\framework\system\Database\BaseConnection.php(641): CodeIgniter\Database\BaseConnection->simpleQuery('INSERT INTO `jo...')
#3 C:\Users\Niamh\Documents\GitHub\Favours4Neighbours.FYP\Favours4Neighbours.CodeIgniter.php\vendor\codeigniter4\framework\system\Database\BaseBuilder.php(2263): CodeIgniter\Database\BaseConnection->query('INSERT INTO `jo...', Array, false)
#4 C:\Users\Niamh\Documents\GitHub\Favours4Neighbours.FYP\Favours4Neighbours.CodeIgniter.php\vendor\codeigniter4\framework\system\Model.php(278): CodeIgniter\Database\BaseBuilder->insert()
#5 C:\Users\Niamh\Documents\GitHub\Favours4Neighbours.FYP\Favours4Neighbours.CodeIgniter.php\vendor\codeigniter4\framework\system\BaseModel.php(758): CodeIgniter\Model->doInsert(Array)
#6 C:\Users\Niamh\Documents\GitHub\Favours4Neighbours.FYP\Favours4Neighbours.CodeIgniter.php\vendor\codeigniter4\framework\system\Model.php(705): CodeIgniter\BaseModel->insert(Array, true)
#7 C:\Users\Niamh\Documents\GitHub\Favours4Neighbours.FYP\Favours4Neighbours.CodeIgniter.php\app\Controllers\Client\Jobs.php(195): CodeIgniter\Model->insert(Array)
#8 C:\Users\Niamh\Documents\GitHub\Favours4Neighbours.FYP\Favours4Neighbours.CodeIgniter.php\app\Controllers\Client\Jobs.php(150): App\Controllers\Client\Jobs->executeInsert(Array)
#9 C:\Users\Niamh\Documents\GitHub\Favours4Neighbours.FYP\Favours4Neighbours.CodeIgniter.php\app\Controllers\Client\Jobs.php(114): App\Controllers\Client\Jobs->getCreateView()
#10 C:\Users\Niamh\Documents\GitHub\Favours4Neighbours.FYP\Favours4Neighbours.CodeIgniter.php\vendor\codeigniter4\framework\system\CodeIgniter.php(936): App\Controllers\Client\Jobs->create()
#11 C:\Users\Niamh\Documents\GitHub\Favours4Neighbours.FYP\Favours4Neighbours.CodeIgniter.php\vendor\codeigniter4\framework\system\CodeIgniter.php(432): CodeIgniter\CodeIgniter->runController(Object(App\Controllers\Client\Jobs))
#12 C:\Users\Niamh\Documents\GitHub\Favours4Neighbours.FYP\Favours4Neighbours.CodeIgniter.php\vendor\codeigniter4\framework\system\CodeIgniter.php(333): CodeIgniter\CodeIgniter->handleRequest(NULL, Object(Config\Cache), false)
#13 C:\Users\Niamh\Documents\GitHub\Favours4Neighbours.FYP\Favours4Neighbours.CodeIgniter.php\public\index.php(44): CodeIgniter\CodeIgniter->run()
#14 C:\Users\Niamh\Documents\GitHub\Favours4Neighbours.FYP\Favours4Neighbours.CodeIgniter.php\vendor\codeigniter4\framework\system\Commands\Server\rewrite.php(45): require_once('C:\\Users\\Niamh\\...')
#15 {main}
CRITICAL - 2021-04-14 03:25:43 --> Column 'CreatedBy' cannot be null
#0 C:\Users\Niamh\Documents\GitHub\Favours4Neighbours.FYP\Favours4Neighbours.CodeIgniter.php\vendor\codeigniter4\framework\system\Database\MySQLi\Connection.php(314): mysqli->query('INSERT INTO `jo...')
#1 C:\Users\Niamh\Documents\GitHub\Favours4Neighbours.FYP\Favours4Neighbours.CodeIgniter.php\vendor\codeigniter4\framework\system\Database\BaseConnection.php(713): CodeIgniter\Database\MySQLi\Connection->execute('INSERT INTO `jo...')
#2 C:\Users\Niamh\Documents\GitHub\Favours4Neighbours.FYP\Favours4Neighbours.CodeIgniter.php\vendor\codeigniter4\framework\system\Database\BaseConnection.php(641): CodeIgniter\Database\BaseConnection->simpleQuery('INSERT INTO `jo...')
#3 C:\Users\Niamh\Documents\GitHub\Favours4Neighbours.FYP\Favours4Neighbours.CodeIgniter.php\vendor\codeigniter4\framework\system\Database\BaseBuilder.php(2263): CodeIgniter\Database\BaseConnection->query('INSERT INTO `jo...', Array, false)
#4 C:\Users\Niamh\Documents\GitHub\Favours4Neighbours.FYP\Favours4Neighbours.CodeIgniter.php\vendor\codeigniter4\framework\system\Model.php(278): CodeIgniter\Database\BaseBuilder->insert()
#5 C:\Users\Niamh\Documents\GitHub\Favours4Neighbours.FYP\Favours4Neighbours.CodeIgniter.php\vendor\codeigniter4\framework\system\BaseModel.php(758): CodeIgniter\Model->doInsert(Array)
#6 C:\Users\Niamh\Documents\GitHub\Favours4Neighbours.FYP\Favours4Neighbours.CodeIgniter.php\vendor\codeigniter4\framework\system\Model.php(705): CodeIgniter\BaseModel->insert(Array, true)
#7 C:\Users\Niamh\Documents\GitHub\Favours4Neighbours.FYP\Favours4Neighbours.CodeIgniter.php\app\Controllers\Client\Jobs.php(195): CodeIgniter\Model->insert(Array)
#8 C:\Users\Niamh\Documents\GitHub\Favours4Neighbours.FYP\Favours4Neighbours.CodeIgniter.php\app\Controllers\Client\Jobs.php(150): App\Controllers\Client\Jobs->executeInsert(Array)
#9 C:\Users\Niamh\Documents\GitHub\Favours4Neighbours.FYP\Favours4Neighbours.CodeIgniter.php\app\Controllers\Client\Jobs.php(114): App\Controllers\Client\Jobs->getCreateView()
#10 C:\Users\Niamh\Documents\GitHub\Favours4Neighbours.FYP\Favours4Neighbours.CodeIgniter.php\vendor\codeigniter4\framework\system\CodeIgniter.php(936): App\Controllers\Client\Jobs->create()
#11 C:\Users\Niamh\Documents\GitHub\Favours4Neighbours.FYP\Favours4Neighbours.CodeIgniter.php\vendor\codeigniter4\framework\system\CodeIgniter.php(432): CodeIgniter\CodeIgniter->runController(Object(App\Controllers\Client\Jobs))
#12 C:\Users\Niamh\Documents\GitHub\Favours4Neighbours.FYP\Favours4Neighbours.CodeIgniter.php\vendor\codeigniter4\framework\system\CodeIgniter.php(333): CodeIgniter\CodeIgniter->handleRequest(NULL, Object(Config\Cache), false)
#13 C:\Users\Niamh\Documents\GitHub\Favours4Neighbours.FYP\Favours4Neighbours.CodeIgniter.php\public\index.php(44): CodeIgniter\CodeIgniter->run()
#14 C:\Users\Niamh\Documents\GitHub\Favours4Neighbours.FYP\Favours4Neighbours.CodeIgniter.php\vendor\codeigniter4\framework\system\Commands\Server\rewrite.php(45): require_once('C:\\Users\\Niamh\\...')
#15 {main}
ERROR - 2021-04-14 03:27:37 --> mysqli_sql_exception: Column 'CreatedBy' cannot be null in C:\Users\Niamh\Documents\GitHub\Favours4Neighbours.FYP\Favours4Neighbours.CodeIgniter.php\vendor\codeigniter4\framework\system\Database\MySQLi\Connection.php:314
Stack trace:
#0 C:\Users\Niamh\Documents\GitHub\Favours4Neighbours.FYP\Favours4Neighbours.CodeIgniter.php\vendor\codeigniter4\framework\system\Database\MySQLi\Connection.php(314): mysqli->query('INSERT INTO `jo...')
#1 C:\Users\Niamh\Documents\GitHub\Favours4Neighbours.FYP\Favours4Neighbours.CodeIgniter.php\vendor\codeigniter4\framework\system\Database\BaseConnection.php(713): CodeIgniter\Database\MySQLi\Connection->execute('INSERT INTO `jo...')
#2 C:\Users\Niamh\Documents\GitHub\Favours4Neighbours.FYP\Favours4Neighbours.CodeIgniter.php\vendor\codeigniter4\framework\system\Database\BaseConnection.php(641): CodeIgniter\Database\BaseConnection->simpleQuery('INSERT INTO `jo...')
#3 C:\Users\Niamh\Documents\GitHub\Favours4Neighbours.FYP\Favours4Neighbours.CodeIgniter.php\vendor\codeigniter4\framework\system\Database\BaseBuilder.php(2263): CodeIgniter\Database\BaseConnection->query('INSERT INTO `jo...', Array, false)
#4 C:\Users\Niamh\Documents\GitHub\Favours4Neighbours.FYP\Favours4Neighbours.CodeIgniter.php\vendor\codeigniter4\framework\system\Model.php(278): CodeIgniter\Database\BaseBuilder->insert()
#5 C:\Users\Niamh\Documents\GitHub\Favours4Neighbours.FYP\Favours4Neighbours.CodeIgniter.php\vendor\codeigniter4\framework\system\BaseModel.php(758): CodeIgniter\Model->doInsert(Array)
#6 C:\Users\Niamh\Documents\GitHub\Favours4Neighbours.FYP\Favours4Neighbours.CodeIgniter.php\vendor\codeigniter4\framework\system\Model.php(705): CodeIgniter\BaseModel->insert(Array, true)
#7 C:\Users\Niamh\Documents\GitHub\Favours4Neighbours.FYP\Favours4Neighbours.CodeIgniter.php\app\Controllers\Client\Jobs.php(195): CodeIgniter\Model->insert(Array)
#8 C:\Users\Niamh\Documents\GitHub\Favours4Neighbours.FYP\Favours4Neighbours.CodeIgniter.php\app\Controllers\Client\Jobs.php(150): App\Controllers\Client\Jobs->executeInsert(Array)
#9 C:\Users\Niamh\Documents\GitHub\Favours4Neighbours.FYP\Favours4Neighbours.CodeIgniter.php\app\Controllers\Client\Jobs.php(114): App\Controllers\Client\Jobs->getCreateView()
#10 C:\Users\Niamh\Documents\GitHub\Favours4Neighbours.FYP\Favours4Neighbours.CodeIgniter.php\vendor\codeigniter4\framework\system\CodeIgniter.php(936): App\Controllers\Client\Jobs->create()
#11 C:\Users\Niamh\Documents\GitHub\Favours4Neighbours.FYP\Favours4Neighbours.CodeIgniter.php\vendor\codeigniter4\framework\system\CodeIgniter.php(432): CodeIgniter\CodeIgniter->runController(Object(App\Controllers\Client\Jobs))
#12 C:\Users\Niamh\Documents\GitHub\Favours4Neighbours.FYP\Favours4Neighbours.CodeIgniter.php\vendor\codeigniter4\framework\system\CodeIgniter.php(333): CodeIgniter\CodeIgniter->handleRequest(NULL, Object(Config\Cache), false)
#13 C:\Users\Niamh\Documents\GitHub\Favours4Neighbours.FYP\Favours4Neighbours.CodeIgniter.php\public\index.php(44): CodeIgniter\CodeIgniter->run()
#14 C:\Users\Niamh\Documents\GitHub\Favours4Neighbours.FYP\Favours4Neighbours.CodeIgniter.php\vendor\codeigniter4\framework\system\Commands\Server\rewrite.php(45): require_once('C:\\Users\\Niamh\\...')
#15 {main}
CRITICAL - 2021-04-14 03:27:38 --> Column 'CreatedBy' cannot be null
#0 C:\Users\Niamh\Documents\GitHub\Favours4Neighbours.FYP\Favours4Neighbours.CodeIgniter.php\vendor\codeigniter4\framework\system\Database\MySQLi\Connection.php(314): mysqli->query('INSERT INTO `jo...')
#1 C:\Users\Niamh\Documents\GitHub\Favours4Neighbours.FYP\Favours4Neighbours.CodeIgniter.php\vendor\codeigniter4\framework\system\Database\BaseConnection.php(713): CodeIgniter\Database\MySQLi\Connection->execute('INSERT INTO `jo...')
#2 C:\Users\Niamh\Documents\GitHub\Favours4Neighbours.FYP\Favours4Neighbours.CodeIgniter.php\vendor\codeigniter4\framework\system\Database\BaseConnection.php(641): CodeIgniter\Database\BaseConnection->simpleQuery('INSERT INTO `jo...')
#3 C:\Users\Niamh\Documents\GitHub\Favours4Neighbours.FYP\Favours4Neighbours.CodeIgniter.php\vendor\codeigniter4\framework\system\Database\BaseBuilder.php(2263): CodeIgniter\Database\BaseConnection->query('INSERT INTO `jo...', Array, false)
#4 C:\Users\Niamh\Documents\GitHub\Favours4Neighbours.FYP\Favours4Neighbours.CodeIgniter.php\vendor\codeigniter4\framework\system\Model.php(278): CodeIgniter\Database\BaseBuilder->insert()
#5 C:\Users\Niamh\Documents\GitHub\Favours4Neighbours.FYP\Favours4Neighbours.CodeIgniter.php\vendor\codeigniter4\framework\system\BaseModel.php(758): CodeIgniter\Model->doInsert(Array)
#6 C:\Users\Niamh\Documents\GitHub\Favours4Neighbours.FYP\Favours4Neighbours.CodeIgniter.php\vendor\codeigniter4\framework\system\Model.php(705): CodeIgniter\BaseModel->insert(Array, true)
#7 C:\Users\Niamh\Documents\GitHub\Favours4Neighbours.FYP\Favours4Neighbours.CodeIgniter.php\app\Controllers\Client\Jobs.php(195): CodeIgniter\Model->insert(Array)
#8 C:\Users\Niamh\Documents\GitHub\Favours4Neighbours.FYP\Favours4Neighbours.CodeIgniter.php\app\Controllers\Client\Jobs.php(150): App\Controllers\Client\Jobs->executeInsert(Array)
#9 C:\Users\Niamh\Documents\GitHub\Favours4Neighbours.FYP\Favours4Neighbours.CodeIgniter.php\app\Controllers\Client\Jobs.php(114): App\Controllers\Client\Jobs->getCreateView()
#10 C:\Users\Niamh\Documents\GitHub\Favours4Neighbours.FYP\Favours4Neighbours.CodeIgniter.php\vendor\codeigniter4\framework\system\CodeIgniter.php(936): App\Controllers\Client\Jobs->create()
#11 C:\Users\Niamh\Documents\GitHub\Favours4Neighbours.FYP\Favours4Neighbours.CodeIgniter.php\vendor\codeigniter4\framework\system\CodeIgniter.php(432): CodeIgniter\CodeIgniter->runController(Object(App\Controllers\Client\Jobs))
#12 C:\Users\Niamh\Documents\GitHub\Favours4Neighbours.FYP\Favours4Neighbours.CodeIgniter.php\vendor\codeigniter4\framework\system\CodeIgniter.php(333): CodeIgniter\CodeIgniter->handleRequest(NULL, Object(Config\Cache), false)
#13 C:\Users\Niamh\Documents\GitHub\Favours4Neighbours.FYP\Favours4Neighbours.CodeIgniter.php\public\index.php(44): CodeIgniter\CodeIgniter->run()
#14 C:\Users\Niamh\Documents\GitHub\Favours4Neighbours.FYP\Favours4Neighbours.CodeIgniter.php\vendor\codeigniter4\framework\system\Commands\Server\rewrite.php(45): require_once('C:\\Users\\Niamh\\...')
#15 {main}
ERROR - 2021-04-14 03:28:04 --> mysqli_sql_exception: Column 'CreatedBy' cannot be null in C:\Users\Niamh\Documents\GitHub\Favours4Neighbours.FYP\Favours4Neighbours.CodeIgniter.php\vendor\codeigniter4\framework\system\Database\MySQLi\Connection.php:314
Stack trace:
#0 C:\Users\Niamh\Documents\GitHub\Favours4Neighbours.FYP\Favours4Neighbours.CodeIgniter.php\vendor\codeigniter4\framework\system\Database\MySQLi\Connection.php(314): mysqli->query('INSERT INTO `jo...')
#1 C:\Users\Niamh\Documents\GitHub\Favours4Neighbours.FYP\Favours4Neighbours.CodeIgniter.php\vendor\codeigniter4\framework\system\Database\BaseConnection.php(713): CodeIgniter\Database\MySQLi\Connection->execute('INSERT INTO `jo...')
#2 C:\Users\Niamh\Documents\GitHub\Favours4Neighbours.FYP\Favours4Neighbours.CodeIgniter.php\vendor\codeigniter4\framework\system\Database\BaseConnection.php(641): CodeIgniter\Database\BaseConnection->simpleQuery('INSERT INTO `jo...')
#3 C:\Users\Niamh\Documents\GitHub\Favours4Neighbours.FYP\Favours4Neighbours.CodeIgniter.php\vendor\codeigniter4\framework\system\Database\BaseBuilder.php(2263): CodeIgniter\Database\BaseConnection->query('INSERT INTO `jo...', Array, false)
#4 C:\Users\Niamh\Documents\GitHub\Favours4Neighbours.FYP\Favours4Neighbours.CodeIgniter.php\vendor\codeigniter4\framework\system\Model.php(278): CodeIgniter\Database\BaseBuilder->insert()
#5 C:\Users\Niamh\Documents\GitHub\Favours4Neighbours.FYP\Favours4Neighbours.CodeIgniter.php\vendor\codeigniter4\framework\system\BaseModel.php(758): CodeIgniter\Model->doInsert(Array)
#6 C:\Users\Niamh\Documents\GitHub\Favours4Neighbours.FYP\Favours4Neighbours.CodeIgniter.php\vendor\codeigniter4\framework\system\Model.php(705): CodeIgniter\BaseModel->insert(Array, true)
#7 C:\Users\Niamh\Documents\GitHub\Favours4Neighbours.FYP\Favours4Neighbours.CodeIgniter.php\app\Controllers\Client\Jobs.php(195): CodeIgniter\Model->insert(Array)
#8 C:\Users\Niamh\Documents\GitHub\Favours4Neighbours.FYP\Favours4Neighbours.CodeIgniter.php\app\Controllers\Client\Jobs.php(150): App\Controllers\Client\Jobs->executeInsert(Array)
#9 C:\Users\Niamh\Documents\GitHub\Favours4Neighbours.FYP\Favours4Neighbours.CodeIgniter.php\app\Controllers\Client\Jobs.php(114): App\Controllers\Client\Jobs->getCreateView()
#10 C:\Users\Niamh\Documents\GitHub\Favours4Neighbours.FYP\Favours4Neighbours.CodeIgniter.php\vendor\codeigniter4\framework\system\CodeIgniter.php(936): App\Controllers\Client\Jobs->create()
#11 C:\Users\Niamh\Documents\GitHub\Favours4Neighbours.FYP\Favours4Neighbours.CodeIgniter.php\vendor\codeigniter4\framework\system\CodeIgniter.php(432): CodeIgniter\CodeIgniter->runController(Object(App\Controllers\Client\Jobs))
#12 C:\Users\Niamh\Documents\GitHub\Favours4Neighbours.FYP\Favours4Neighbours.CodeIgniter.php\vendor\codeigniter4\framework\system\CodeIgniter.php(333): CodeIgniter\CodeIgniter->handleRequest(NULL, Object(Config\Cache), false)
#13 C:\Users\Niamh\Documents\GitHub\Favours4Neighbours.FYP\Favours4Neighbours.CodeIgniter.php\public\index.php(44): CodeIgniter\CodeIgniter->run()
#14 C:\Users\Niamh\Documents\GitHub\Favours4Neighbours.FYP\Favours4Neighbours.CodeIgniter.php\vendor\codeigniter4\framework\system\Commands\Server\rewrite.php(45): require_once('C:\\Users\\Niamh\\...')
#15 {main}
CRITICAL - 2021-04-14 03:28:05 --> Column 'CreatedBy' cannot be null
#0 C:\Users\Niamh\Documents\GitHub\Favours4Neighbours.FYP\Favours4Neighbours.CodeIgniter.php\vendor\codeigniter4\framework\system\Database\MySQLi\Connection.php(314): mysqli->query('INSERT INTO `jo...')
#1 C:\Users\Niamh\Documents\GitHub\Favours4Neighbours.FYP\Favours4Neighbours.CodeIgniter.php\vendor\codeigniter4\framework\system\Database\BaseConnection.php(713): CodeIgniter\Database\MySQLi\Connection->execute('INSERT INTO `jo...')
#2 C:\Users\Niamh\Documents\GitHub\Favours4Neighbours.FYP\Favours4Neighbours.CodeIgniter.php\vendor\codeigniter4\framework\system\Database\BaseConnection.php(641): CodeIgniter\Database\BaseConnection->simpleQuery('INSERT INTO `jo...')
#3 C:\Users\Niamh\Documents\GitHub\Favours4Neighbours.FYP\Favours4Neighbours.CodeIgniter.php\vendor\codeigniter4\framework\system\Database\BaseBuilder.php(2263): CodeIgniter\Database\BaseConnection->query('INSERT INTO `jo...', Array, false)
#4 C:\Users\Niamh\Documents\GitHub\Favours4Neighbours.FYP\Favours4Neighbours.CodeIgniter.php\vendor\codeigniter4\framework\system\Model.php(278): CodeIgniter\Database\BaseBuilder->insert()
#5 C:\Users\Niamh\Documents\GitHub\Favours4Neighbours.FYP\Favours4Neighbours.CodeIgniter.php\vendor\codeigniter4\framework\system\BaseModel.php(758): CodeIgniter\Model->doInsert(Array)
#6 C:\Users\Niamh\Documents\GitHub\Favours4Neighbours.FYP\Favours4Neighbours.CodeIgniter.php\vendor\codeigniter4\framework\system\Model.php(705): CodeIgniter\BaseModel->insert(Array, true)
#7 C:\Users\Niamh\Documents\GitHub\Favours4Neighbours.FYP\Favours4Neighbours.CodeIgniter.php\app\Controllers\Client\Jobs.php(195): CodeIgniter\Model->insert(Array)
#8 C:\Users\Niamh\Documents\GitHub\Favours4Neighbours.FYP\Favours4Neighbours.CodeIgniter.php\app\Controllers\Client\Jobs.php(150): App\Controllers\Client\Jobs->executeInsert(Array)
#9 C:\Users\Niamh\Documents\GitHub\Favours4Neighbours.FYP\Favours4Neighbours.CodeIgniter.php\app\Controllers\Client\Jobs.php(114): App\Controllers\Client\Jobs->getCreateView()
#10 C:\Users\Niamh\Documents\GitHub\Favours4Neighbours.FYP\Favours4Neighbours.CodeIgniter.php\vendor\codeigniter4\framework\system\CodeIgniter.php(936): App\Controllers\Client\Jobs->create()
#11 C:\Users\Niamh\Documents\GitHub\Favours4Neighbours.FYP\Favours4Neighbours.CodeIgniter.php\vendor\codeigniter4\framework\system\CodeIgniter.php(432): CodeIgniter\CodeIgniter->runController(Object(App\Controllers\Client\Jobs))
#12 C:\Users\Niamh\Documents\GitHub\Favours4Neighbours.FYP\Favours4Neighbours.CodeIgniter.php\vendor\codeigniter4\framework\system\CodeIgniter.php(333): CodeIgniter\CodeIgniter->handleRequest(NULL, Object(Config\Cache), false)
#13 C:\Users\Niamh\Documents\GitHub\Favours4Neighbours.FYP\Favours4Neighbours.CodeIgniter.php\public\index.php(44): CodeIgniter\CodeIgniter->run()
#14 C:\Users\Niamh\Documents\GitHub\Favours4Neighbours.FYP\Favours4Neighbours.CodeIgniter.php\vendor\codeigniter4\framework\system\Commands\Server\rewrite.php(45): require_once('C:\\Users\\Niamh\\...')
#15 {main}
ERROR - 2021-04-14 03:31:41 --> mysqli_sql_exception: Column 'CreatedBy' cannot be null in C:\Users\Niamh\Documents\GitHub\Favours4Neighbours.FYP\Favours4Neighbours.CodeIgniter.php\vendor\codeigniter4\framework\system\Database\MySQLi\Connection.php:314
Stack trace:
#0 C:\Users\Niamh\Documents\GitHub\Favours4Neighbours.FYP\Favours4Neighbours.CodeIgniter.php\vendor\codeigniter4\framework\system\Database\MySQLi\Connection.php(314): mysqli->query('INSERT INTO `jo...')
#1 C:\Users\Niamh\Documents\GitHub\Favours4Neighbours.FYP\Favours4Neighbours.CodeIgniter.php\vendor\codeigniter4\framework\system\Database\BaseConnection.php(713): CodeIgniter\Database\MySQLi\Connection->execute('INSERT INTO `jo...')
#2 C:\Users\Niamh\Documents\GitHub\Favours4Neighbours.FYP\Favours4Neighbours.CodeIgniter.php\vendor\codeigniter4\framework\system\Database\BaseConnection.php(641): CodeIgniter\Database\BaseConnection->simpleQuery('INSERT INTO `jo...')
#3 C:\Users\Niamh\Documents\GitHub\Favours4Neighbours.FYP\Favours4Neighbours.CodeIgniter.php\vendor\codeigniter4\framework\system\Database\BaseBuilder.php(2263): CodeIgniter\Database\BaseConnection->query('INSERT INTO `jo...', Array, false)
#4 C:\Users\Niamh\Documents\GitHub\Favours4Neighbours.FYP\Favours4Neighbours.CodeIgniter.php\vendor\codeigniter4\framework\system\Model.php(278): CodeIgniter\Database\BaseBuilder->insert()
#5 C:\Users\Niamh\Documents\GitHub\Favours4Neighbours.FYP\Favours4Neighbours.CodeIgniter.php\vendor\codeigniter4\framework\system\BaseModel.php(758): CodeIgniter\Model->doInsert(Array)
#6 C:\Users\Niamh\Documents\GitHub\Favours4Neighbours.FYP\Favours4Neighbours.CodeIgniter.php\vendor\codeigniter4\framework\system\Model.php(705): CodeIgniter\BaseModel->insert(Array, true)
#7 C:\Users\Niamh\Documents\GitHub\Favours4Neighbours.FYP\Favours4Neighbours.CodeIgniter.php\app\Controllers\Client\Jobs.php(195): CodeIgniter\Model->insert(Array)
#8 C:\Users\Niamh\Documents\GitHub\Favours4Neighbours.FYP\Favours4Neighbours.CodeIgniter.php\app\Controllers\Client\Jobs.php(150): App\Controllers\Client\Jobs->executeInsert(Array)
#9 C:\Users\Niamh\Documents\GitHub\Favours4Neighbours.FYP\Favours4Neighbours.CodeIgniter.php\app\Controllers\Client\Jobs.php(114): App\Controllers\Client\Jobs->getCreateView()
#10 C:\Users\Niamh\Documents\GitHub\Favours4Neighbours.FYP\Favours4Neighbours.CodeIgniter.php\vendor\codeigniter4\framework\system\CodeIgniter.php(936): App\Controllers\Client\Jobs->create()
#11 C:\Users\Niamh\Documents\GitHub\Favours4Neighbours.FYP\Favours4Neighbours.CodeIgniter.php\vendor\codeigniter4\framework\system\CodeIgniter.php(432): CodeIgniter\CodeIgniter->runController(Object(App\Controllers\Client\Jobs))
#12 C:\Users\Niamh\Documents\GitHub\Favours4Neighbours.FYP\Favours4Neighbours.CodeIgniter.php\vendor\codeigniter4\framework\system\CodeIgniter.php(333): CodeIgniter\CodeIgniter->handleRequest(NULL, Object(Config\Cache), false)
#13 C:\Users\Niamh\Documents\GitHub\Favours4Neighbours.FYP\Favours4Neighbours.CodeIgniter.php\public\index.php(44): CodeIgniter\CodeIgniter->run()
#14 C:\Users\Niamh\Documents\GitHub\Favours4Neighbours.FYP\Favours4Neighbours.CodeIgniter.php\vendor\codeigniter4\framework\system\Commands\Server\rewrite.php(45): require_once('C:\\Users\\Niamh\\...')
#15 {main}
CRITICAL - 2021-04-14 03:31:41 --> Column 'CreatedBy' cannot be null
#0 C:\Users\Niamh\Documents\GitHub\Favours4Neighbours.FYP\Favours4Neighbours.CodeIgniter.php\vendor\codeigniter4\framework\system\Database\MySQLi\Connection.php(314): mysqli->query('INSERT INTO `jo...')
#1 C:\Users\Niamh\Documents\GitHub\Favours4Neighbours.FYP\Favours4Neighbours.CodeIgniter.php\vendor\codeigniter4\framework\system\Database\BaseConnection.php(713): CodeIgniter\Database\MySQLi\Connection->execute('INSERT INTO `jo...')
#2 C:\Users\Niamh\Documents\GitHub\Favours4Neighbours.FYP\Favours4Neighbours.CodeIgniter.php\vendor\codeigniter4\framework\system\Database\BaseConnection.php(641): CodeIgniter\Database\BaseConnection->simpleQuery('INSERT INTO `jo...')
#3 C:\Users\Niamh\Documents\GitHub\Favours4Neighbours.FYP\Favours4Neighbours.CodeIgniter.php\vendor\codeigniter4\framework\system\Database\BaseBuilder.php(2263): CodeIgniter\Database\BaseConnection->query('INSERT INTO `jo...', Array, false)
#4 C:\Users\Niamh\Documents\GitHub\Favours4Neighbours.FYP\Favours4Neighbours.CodeIgniter.php\vendor\codeigniter4\framework\system\Model.php(278): CodeIgniter\Database\BaseBuilder->insert()
#5 C:\Users\Niamh\Documents\GitHub\Favours4Neighbours.FYP\Favours4Neighbours.CodeIgniter.php\vendor\codeigniter4\framework\system\BaseModel.php(758): CodeIgniter\Model->doInsert(Array)
#6 C:\Users\Niamh\Documents\GitHub\Favours4Neighbours.FYP\Favours4Neighbours.CodeIgniter.php\vendor\codeigniter4\framework\system\Model.php(705): CodeIgniter\BaseModel->insert(Array, true)
#7 C:\Users\Niamh\Documents\GitHub\Favours4Neighbours.FYP\Favours4Neighbours.CodeIgniter.php\app\Controllers\Client\Jobs.php(195): CodeIgniter\Model->insert(Array)
#8 C:\Users\Niamh\Documents\GitHub\Favours4Neighbours.FYP\Favours4Neighbours.CodeIgniter.php\app\Controllers\Client\Jobs.php(150): App\Controllers\Client\Jobs->executeInsert(Array)
#9 C:\Users\Niamh\Documents\GitHub\Favours4Neighbours.FYP\Favours4Neighbours.CodeIgniter.php\app\Controllers\Client\Jobs.php(114): App\Controllers\Client\Jobs->getCreateView()
#10 C:\Users\Niamh\Documents\GitHub\Favours4Neighbours.FYP\Favours4Neighbours.CodeIgniter.php\vendor\codeigniter4\framework\system\CodeIgniter.php(936): App\Controllers\Client\Jobs->create()
#11 C:\Users\Niamh\Documents\GitHub\Favours4Neighbours.FYP\Favours4Neighbours.CodeIgniter.php\vendor\codeigniter4\framework\system\CodeIgniter.php(432): CodeIgniter\CodeIgniter->runController(Object(App\Controllers\Client\Jobs))
#12 C:\Users\Niamh\Documents\GitHub\Favours4Neighbours.FYP\Favours4Neighbours.CodeIgniter.php\vendor\codeigniter4\framework\system\CodeIgniter.php(333): CodeIgniter\CodeIgniter->handleRequest(NULL, Object(Config\Cache), false)
#13 C:\Users\Niamh\Documents\GitHub\Favours4Neighbours.FYP\Favours4Neighbours.CodeIgniter.php\public\index.php(44): CodeIgniter\CodeIgniter->run()
#14 C:\Users\Niamh\Documents\GitHub\Favours4Neighbours.FYP\Favours4Neighbours.CodeIgniter.php\vendor\codeigniter4\framework\system\Commands\Server\rewrite.php(45): require_once('C:\\Users\\Niamh\\...')
#15 {main}
