CRITICAL - 2021-03-08 14:56:11 --> Undefined property: App\Controllers\Registration::$input
#0 C:\Users\Niamh\Documents\GitHub\Favours4Neighbours.FYP\Favours4Neighbours.CodeIgniter.php\app\Controllers\Registration.php(16): CodeIgniter\Debug\Exceptions->errorHandler(8, 'Undefined prope...', 'C:\\Users\\Niamh\\...', 16, Array)
#1 C:\Users\Niamh\Documents\GitHub\Favours4Neighbours.FYP\Favours4Neighbours.CodeIgniter.php\vendor\codeigniter4\framework\system\CodeIgniter.php(936): App\Controllers\Registration->index()
#2 C:\Users\Niamh\Documents\GitHub\Favours4Neighbours.FYP\Favours4Neighbours.CodeIgniter.php\vendor\codeigniter4\framework\system\CodeIgniter.php(432): CodeIgniter\CodeIgniter->runController(Object(App\Controllers\Registration))
#3 C:\Users\Niamh\Documents\GitHub\Favours4Neighbours.FYP\Favours4Neighbours.CodeIgniter.php\vendor\codeigniter4\framework\system\CodeIgniter.php(333): CodeIgniter\CodeIgniter->handleRequest(NULL, Object(Config\Cache), false)
#4 C:\Users\Niamh\Documents\GitHub\Favours4Neighbours.FYP\Favours4Neighbours.CodeIgniter.php\public\index.php(44): CodeIgniter\CodeIgniter->run()
#5 C:\Users\Niamh\Documents\GitHub\Favours4Neighbours.FYP\Favours4Neighbours.CodeIgniter.php\vendor\codeigniter4\framework\system\Commands\Server\rewrite.php(45): require_once('C:\\Users\\Niamh\\...')
#6 {main}
CRITICAL - 2021-03-08 14:56:29 --> Undefined property: App\Controllers\Registration::$input
#0 C:\Users\Niamh\Documents\GitHub\Favours4Neighbours.FYP\Favours4Neighbours.CodeIgniter.php\app\Controllers\Registration.php(16): CodeIgniter\Debug\Exceptions->errorHandler(8, 'Undefined prope...', 'C:\\Users\\Niamh\\...', 16, Array)
#1 C:\Users\Niamh\Documents\GitHub\Favours4Neighbours.FYP\Favours4Neighbours.CodeIgniter.php\vendor\codeigniter4\framework\system\CodeIgniter.php(936): App\Controllers\Registration->index()
#2 C:\Users\Niamh\Documents\GitHub\Favours4Neighbours.FYP\Favours4Neighbours.CodeIgniter.php\vendor\codeigniter4\framework\system\CodeIgniter.php(432): CodeIgniter\CodeIgniter->runController(Object(App\Controllers\Registration))
#3 C:\Users\Niamh\Documents\GitHub\Favours4Neighbours.FYP\Favours4Neighbours.CodeIgniter.php\vendor\codeigniter4\framework\system\CodeIgniter.php(333): CodeIgniter\CodeIgniter->handleRequest(NULL, Object(Config\Cache), false)
#4 C:\Users\Niamh\Documents\GitHub\Favours4Neighbours.FYP\Favours4Neighbours.CodeIgniter.php\public\index.php(44): CodeIgniter\CodeIgniter->run()
#5 C:\Users\Niamh\Documents\GitHub\Favours4Neighbours.FYP\Favours4Neighbours.CodeIgniter.php\vendor\codeigniter4\framework\system\Commands\Server\rewrite.php(45): require_once('C:\\Users\\Niamh\\...')
#6 {main}
CRITICAL - 2021-03-08 15:00:44 --> Cannot use isset() on the result of an expression (you can use "null !== expression" instead)
#0 [internal function]: CodeIgniter\Debug\Exceptions->shutdownHandler()
#1 {main}
CRITICAL - 2021-03-08 15:02:00 --> Undefined property: App\Controllers\Registration::$input
#0 C:\Users\Niamh\Documents\GitHub\Favours4Neighbours.FYP\Favours4Neighbours.CodeIgniter.php\app\Controllers\Registration.php(43): CodeIgniter\Debug\Exceptions->errorHandler(8, 'Undefined prope...', 'C:\\Users\\Niamh\\...', 43, Array)
#1 C:\Users\Niamh\Documents\GitHub\Favours4Neighbours.FYP\Favours4Neighbours.CodeIgniter.php\app\Controllers\Registration.php(19): App\Controllers\Registration->createUserValuesArrayFromPostArray()
#2 C:\Users\Niamh\Documents\GitHub\Favours4Neighbours.FYP\Favours4Neighbours.CodeIgniter.php\vendor\codeigniter4\framework\system\CodeIgniter.php(936): App\Controllers\Registration->index()
#3 C:\Users\Niamh\Documents\GitHub\Favours4Neighbours.FYP\Favours4Neighbours.CodeIgniter.php\vendor\codeigniter4\framework\system\CodeIgniter.php(432): CodeIgniter\CodeIgniter->runController(Object(App\Controllers\Registration))
#4 C:\Users\Niamh\Documents\GitHub\Favours4Neighbours.FYP\Favours4Neighbours.CodeIgniter.php\vendor\codeigniter4\framework\system\CodeIgniter.php(333): CodeIgniter\CodeIgniter->handleRequest(NULL, Object(Config\Cache), false)
#5 C:\Users\Niamh\Documents\GitHub\Favours4Neighbours.FYP\Favours4Neighbours.CodeIgniter.php\public\index.php(44): CodeIgniter\CodeIgniter->run()
#6 C:\Users\Niamh\Documents\GitHub\Favours4Neighbours.FYP\Favours4Neighbours.CodeIgniter.php\vendor\codeigniter4\framework\system\Commands\Server\rewrite.php(45): require_once('C:\\Users\\Niamh\\...')
#7 {main}
ERROR - 2021-03-08 15:05:51 --> mysqli_sql_exception: Duplicate entry '' for key 'Username_UNIQUE' in C:\Users\Niamh\Documents\GitHub\Favours4Neighbours.FYP\Favours4Neighbours.CodeIgniter.php\vendor\codeigniter4\framework\system\Database\MySQLi\Connection.php:314
Stack trace:
#0 C:\Users\Niamh\Documents\GitHub\Favours4Neighbours.FYP\Favours4Neighbours.CodeIgniter.php\vendor\codeigniter4\framework\system\Database\MySQLi\Connection.php(314): mysqli->query('INSERT INTO `us...')
#1 C:\Users\Niamh\Documents\GitHub\Favours4Neighbours.FYP\Favours4Neighbours.CodeIgniter.php\vendor\codeigniter4\framework\system\Database\BaseConnection.php(713): CodeIgniter\Database\MySQLi\Connection->execute('INSERT INTO `us...')
#2 C:\Users\Niamh\Documents\GitHub\Favours4Neighbours.FYP\Favours4Neighbours.CodeIgniter.php\vendor\codeigniter4\framework\system\Database\BaseConnection.php(641): CodeIgniter\Database\BaseConnection->simpleQuery('INSERT INTO `us...')
#3 C:\Users\Niamh\Documents\GitHub\Favours4Neighbours.FYP\Favours4Neighbours.CodeIgniter.php\vendor\codeigniter4\framework\system\Database\BaseBuilder.php(2263): CodeIgniter\Database\BaseConnection->query('INSERT INTO `us...', Array, false)
#4 C:\Users\Niamh\Documents\GitHub\Favours4Neighbours.FYP\Favours4Neighbours.CodeIgniter.php\vendor\codeigniter4\framework\system\Model.php(278): CodeIgniter\Database\BaseBuilder->insert()
#5 C:\Users\Niamh\Documents\GitHub\Favours4Neighbours.FYP\Favours4Neighbours.CodeIgniter.php\vendor\codeigniter4\framework\system\BaseModel.php(758): CodeIgniter\Model->doInsert(Array)
#6 C:\Users\Niamh\Documents\GitHub\Favours4Neighbours.FYP\Favours4Neighbours.CodeIgniter.php\vendor\codeigniter4\framework\system\Model.php(705): CodeIgniter\BaseModel->insert(Array, true)
#7 C:\Users\Niamh\Documents\GitHub\Favours4Neighbours.FYP\Favours4Neighbours.CodeIgniter.php\app\Controllers\Registration.php(18): CodeIgniter\Model->insert(Array)
#8 C:\Users\Niamh\Documents\GitHub\Favours4Neighbours.FYP\Favours4Neighbours.CodeIgniter.php\vendor\codeigniter4\framework\system\CodeIgniter.php(936): App\Controllers\Registration->index()
#9 C:\Users\Niamh\Documents\GitHub\Favours4Neighbours.FYP\Favours4Neighbours.CodeIgniter.php\vendor\codeigniter4\framework\system\CodeIgniter.php(432): CodeIgniter\CodeIgniter->runController(Object(App\Controllers\Registration))
#10 C:\Users\Niamh\Documents\GitHub\Favours4Neighbours.FYP\Favours4Neighbours.CodeIgniter.php\vendor\codeigniter4\framework\system\CodeIgniter.php(333): CodeIgniter\CodeIgniter->handleRequest(NULL, Object(Config\Cache), false)
#11 C:\Users\Niamh\Documents\GitHub\Favours4Neighbours.FYP\Favours4Neighbours.CodeIgniter.php\public\index.php(44): CodeIgniter\CodeIgniter->run()
#12 C:\Users\Niamh\Documents\GitHub\Favours4Neighbours.FYP\Favours4Neighbours.CodeIgniter.php\vendor\codeigniter4\framework\system\Commands\Server\rewrite.php(45): require_once('C:\\Users\\Niamh\\...')
#13 {main}
CRITICAL - 2021-03-08 15:05:51 --> Duplicate entry '' for key 'Username_UNIQUE'
#0 C:\Users\Niamh\Documents\GitHub\Favours4Neighbours.FYP\Favours4Neighbours.CodeIgniter.php\vendor\codeigniter4\framework\system\Database\MySQLi\Connection.php(314): mysqli->query('INSERT INTO `us...')
#1 C:\Users\Niamh\Documents\GitHub\Favours4Neighbours.FYP\Favours4Neighbours.CodeIgniter.php\vendor\codeigniter4\framework\system\Database\BaseConnection.php(713): CodeIgniter\Database\MySQLi\Connection->execute('INSERT INTO `us...')
#2 C:\Users\Niamh\Documents\GitHub\Favours4Neighbours.FYP\Favours4Neighbours.CodeIgniter.php\vendor\codeigniter4\framework\system\Database\BaseConnection.php(641): CodeIgniter\Database\BaseConnection->simpleQuery('INSERT INTO `us...')
#3 C:\Users\Niamh\Documents\GitHub\Favours4Neighbours.FYP\Favours4Neighbours.CodeIgniter.php\vendor\codeigniter4\framework\system\Database\BaseBuilder.php(2263): CodeIgniter\Database\BaseConnection->query('INSERT INTO `us...', Array, false)
#4 C:\Users\Niamh\Documents\GitHub\Favours4Neighbours.FYP\Favours4Neighbours.CodeIgniter.php\vendor\codeigniter4\framework\system\Model.php(278): CodeIgniter\Database\BaseBuilder->insert()
#5 C:\Users\Niamh\Documents\GitHub\Favours4Neighbours.FYP\Favours4Neighbours.CodeIgniter.php\vendor\codeigniter4\framework\system\BaseModel.php(758): CodeIgniter\Model->doInsert(Array)
#6 C:\Users\Niamh\Documents\GitHub\Favours4Neighbours.FYP\Favours4Neighbours.CodeIgniter.php\vendor\codeigniter4\framework\system\Model.php(705): CodeIgniter\BaseModel->insert(Array, true)
#7 C:\Users\Niamh\Documents\GitHub\Favours4Neighbours.FYP\Favours4Neighbours.CodeIgniter.php\app\Controllers\Registration.php(18): CodeIgniter\Model->insert(Array)
#8 C:\Users\Niamh\Documents\GitHub\Favours4Neighbours.FYP\Favours4Neighbours.CodeIgniter.php\vendor\codeigniter4\framework\system\CodeIgniter.php(936): App\Controllers\Registration->index()
#9 C:\Users\Niamh\Documents\GitHub\Favours4Neighbours.FYP\Favours4Neighbours.CodeIgniter.php\vendor\codeigniter4\framework\system\CodeIgniter.php(432): CodeIgniter\CodeIgniter->runController(Object(App\Controllers\Registration))
#10 C:\Users\Niamh\Documents\GitHub\Favours4Neighbours.FYP\Favours4Neighbours.CodeIgniter.php\vendor\codeigniter4\framework\system\CodeIgniter.php(333): CodeIgniter\CodeIgniter->handleRequest(NULL, Object(Config\Cache), false)
#11 C:\Users\Niamh\Documents\GitHub\Favours4Neighbours.FYP\Favours4Neighbours.CodeIgniter.php\public\index.php(44): CodeIgniter\CodeIgniter->run()
#12 C:\Users\Niamh\Documents\GitHub\Favours4Neighbours.FYP\Favours4Neighbours.CodeIgniter.php\vendor\codeigniter4\framework\system\Commands\Server\rewrite.php(45): require_once('C:\\Users\\Niamh\\...')
#13 {main}
ERROR - 2021-03-08 15:08:43 --> mysqli_sql_exception: Unknown column 'email' in 'field list' in C:\Users\Niamh\Documents\GitHub\Favours4Neighbours.FYP\Favours4Neighbours.CodeIgniter.php\vendor\codeigniter4\framework\system\Database\MySQLi\Connection.php:314
Stack trace:
#0 C:\Users\Niamh\Documents\GitHub\Favours4Neighbours.FYP\Favours4Neighbours.CodeIgniter.php\vendor\codeigniter4\framework\system\Database\MySQLi\Connection.php(314): mysqli->query('INSERT INTO `us...')
#1 C:\Users\Niamh\Documents\GitHub\Favours4Neighbours.FYP\Favours4Neighbours.CodeIgniter.php\vendor\codeigniter4\framework\system\Database\BaseConnection.php(713): CodeIgniter\Database\MySQLi\Connection->execute('INSERT INTO `us...')
#2 C:\Users\Niamh\Documents\GitHub\Favours4Neighbours.FYP\Favours4Neighbours.CodeIgniter.php\vendor\codeigniter4\framework\system\Database\BaseConnection.php(641): CodeIgniter\Database\BaseConnection->simpleQuery('INSERT INTO `us...')
#3 C:\Users\Niamh\Documents\GitHub\Favours4Neighbours.FYP\Favours4Neighbours.CodeIgniter.php\vendor\codeigniter4\framework\system\Database\BaseBuilder.php(2263): CodeIgniter\Database\BaseConnection->query('INSERT INTO `us...', Array, false)
#4 C:\Users\Niamh\Documents\GitHub\Favours4Neighbours.FYP\Favours4Neighbours.CodeIgniter.php\vendor\codeigniter4\framework\system\Model.php(278): CodeIgniter\Database\BaseBuilder->insert()
#5 C:\Users\Niamh\Documents\GitHub\Favours4Neighbours.FYP\Favours4Neighbours.CodeIgniter.php\vendor\codeigniter4\framework\system\BaseModel.php(758): CodeIgniter\Model->doInsert(Array)
#6 C:\Users\Niamh\Documents\GitHub\Favours4Neighbours.FYP\Favours4Neighbours.CodeIgniter.php\vendor\codeigniter4\framework\system\Model.php(705): CodeIgniter\BaseModel->insert(Array, true)
#7 C:\Users\Niamh\Documents\GitHub\Favours4Neighbours.FYP\Favours4Neighbours.CodeIgniter.php\app\Controllers\Registration.php(18): CodeIgniter\Model->insert(Array)
#8 C:\Users\Niamh\Documents\GitHub\Favours4Neighbours.FYP\Favours4Neighbours.CodeIgniter.php\vendor\codeigniter4\framework\system\CodeIgniter.php(936): App\Controllers\Registration->index()
#9 C:\Users\Niamh\Documents\GitHub\Favours4Neighbours.FYP\Favours4Neighbours.CodeIgniter.php\vendor\codeigniter4\framework\system\CodeIgniter.php(432): CodeIgniter\CodeIgniter->runController(Object(App\Controllers\Registration))
#10 C:\Users\Niamh\Documents\GitHub\Favours4Neighbours.FYP\Favours4Neighbours.CodeIgniter.php\vendor\codeigniter4\framework\system\CodeIgniter.php(333): CodeIgniter\CodeIgniter->handleRequest(NULL, Object(Config\Cache), false)
#11 C:\Users\Niamh\Documents\GitHub\Favours4Neighbours.FYP\Favours4Neighbours.CodeIgniter.php\public\index.php(44): CodeIgniter\CodeIgniter->run()
#12 C:\Users\Niamh\Documents\GitHub\Favours4Neighbours.FYP\Favours4Neighbours.CodeIgniter.php\vendor\codeigniter4\framework\system\Commands\Server\rewrite.php(45): require_once('C:\\Users\\Niamh\\...')
#13 {main}
CRITICAL - 2021-03-08 15:08:43 --> Unknown column 'email' in 'field list'
#0 C:\Users\Niamh\Documents\GitHub\Favours4Neighbours.FYP\Favours4Neighbours.CodeIgniter.php\vendor\codeigniter4\framework\system\Database\MySQLi\Connection.php(314): mysqli->query('INSERT INTO `us...')
#1 C:\Users\Niamh\Documents\GitHub\Favours4Neighbours.FYP\Favours4Neighbours.CodeIgniter.php\vendor\codeigniter4\framework\system\Database\BaseConnection.php(713): CodeIgniter\Database\MySQLi\Connection->execute('INSERT INTO `us...')
#2 C:\Users\Niamh\Documents\GitHub\Favours4Neighbours.FYP\Favours4Neighbours.CodeIgniter.php\vendor\codeigniter4\framework\system\Database\BaseConnection.php(641): CodeIgniter\Database\BaseConnection->simpleQuery('INSERT INTO `us...')
#3 C:\Users\Niamh\Documents\GitHub\Favours4Neighbours.FYP\Favours4Neighbours.CodeIgniter.php\vendor\codeigniter4\framework\system\Database\BaseBuilder.php(2263): CodeIgniter\Database\BaseConnection->query('INSERT INTO `us...', Array, false)
#4 C:\Users\Niamh\Documents\GitHub\Favours4Neighbours.FYP\Favours4Neighbours.CodeIgniter.php\vendor\codeigniter4\framework\system\Model.php(278): CodeIgniter\Database\BaseBuilder->insert()
#5 C:\Users\Niamh\Documents\GitHub\Favours4Neighbours.FYP\Favours4Neighbours.CodeIgniter.php\vendor\codeigniter4\framework\system\BaseModel.php(758): CodeIgniter\Model->doInsert(Array)
#6 C:\Users\Niamh\Documents\GitHub\Favours4Neighbours.FYP\Favours4Neighbours.CodeIgniter.php\vendor\codeigniter4\framework\system\Model.php(705): CodeIgniter\BaseModel->insert(Array, true)
#7 C:\Users\Niamh\Documents\GitHub\Favours4Neighbours.FYP\Favours4Neighbours.CodeIgniter.php\app\Controllers\Registration.php(18): CodeIgniter\Model->insert(Array)
#8 C:\Users\Niamh\Documents\GitHub\Favours4Neighbours.FYP\Favours4Neighbours.CodeIgniter.php\vendor\codeigniter4\framework\system\CodeIgniter.php(936): App\Controllers\Registration->index()
#9 C:\Users\Niamh\Documents\GitHub\Favours4Neighbours.FYP\Favours4Neighbours.CodeIgniter.php\vendor\codeigniter4\framework\system\CodeIgniter.php(432): CodeIgniter\CodeIgniter->runController(Object(App\Controllers\Registration))
#10 C:\Users\Niamh\Documents\GitHub\Favours4Neighbours.FYP\Favours4Neighbours.CodeIgniter.php\vendor\codeigniter4\framework\system\CodeIgniter.php(333): CodeIgniter\CodeIgniter->handleRequest(NULL, Object(Config\Cache), false)
#11 C:\Users\Niamh\Documents\GitHub\Favours4Neighbours.FYP\Favours4Neighbours.CodeIgniter.php\public\index.php(44): CodeIgniter\CodeIgniter->run()
#12 C:\Users\Niamh\Documents\GitHub\Favours4Neighbours.FYP\Favours4Neighbours.CodeIgniter.php\vendor\codeigniter4\framework\system\Commands\Server\rewrite.php(45): require_once('C:\\Users\\Niamh\\...')
#13 {main}
