ERROR - 2021-03-15 15:03:46 --> mysqli_sql_exception: Duplicate entry 'jane.doe' for key 'Username_UNIQUE' in C:\Users\Niamh\Documents\GitHub\Favours4Neighbours.FYP\Favours4Neighbours.CodeIgniter.php\vendor\codeigniter4\framework\system\Database\MySQLi\Connection.php:314
Stack trace:
#0 C:\Users\Niamh\Documents\GitHub\Favours4Neighbours.FYP\Favours4Neighbours.CodeIgniter.php\vendor\codeigniter4\framework\system\Database\MySQLi\Connection.php(314): mysqli->query('INSERT INTO `us...')
#1 C:\Users\Niamh\Documents\GitHub\Favours4Neighbours.FYP\Favours4Neighbours.CodeIgniter.php\vendor\codeigniter4\framework\system\Database\BaseConnection.php(713): CodeIgniter\Database\MySQLi\Connection->execute('INSERT INTO `us...')
#2 C:\Users\Niamh\Documents\GitHub\Favours4Neighbours.FYP\Favours4Neighbours.CodeIgniter.php\vendor\codeigniter4\framework\system\Database\BaseConnection.php(641): CodeIgniter\Database\BaseConnection->simpleQuery('INSERT INTO `us...')
#3 C:\Users\Niamh\Documents\GitHub\Favours4Neighbours.FYP\Favours4Neighbours.CodeIgniter.php\vendor\codeigniter4\framework\system\Database\BaseBuilder.php(2263): CodeIgniter\Database\BaseConnection->query('INSERT INTO `us...', Array, false)
#4 C:\Users\Niamh\Documents\GitHub\Favours4Neighbours.FYP\Favours4Neighbours.CodeIgniter.php\vendor\codeigniter4\framework\system\Model.php(278): CodeIgniter\Database\BaseBuilder->insert()
#5 C:\Users\Niamh\Documents\GitHub\Favours4Neighbours.FYP\Favours4Neighbours.CodeIgniter.php\vendor\codeigniter4\framework\system\BaseModel.php(758): CodeIgniter\Model->doInsert(Array)
#6 C:\Users\Niamh\Documents\GitHub\Favours4Neighbours.FYP\Favours4Neighbours.CodeIgniter.php\vendor\codeigniter4\framework\system\Model.php(705): CodeIgniter\BaseModel->insert(Array, true)
#7 C:\Users\Niamh\Documents\GitHub\Favours4Neighbours.FYP\Favours4Neighbours.CodeIgniter.php\app\Controllers\Registration.php(18): CodeIgniter\Model->insert(Array)
#8 C:\Users\Niamh\Documents\GitHub\Favours4Neighbours.FYP\Favours4Neighbours.CodeIgniter.php\vendor\codeigniter4\framework\system\CodeIgniter.php(936): App\Controllers\Registration->index()
#9 C:\Users\Niamh\Documents\GitHub\Favours4Neighbours.FYP\Favours4Neighbours.CodeIgniter.php\vendor\codeigniter4\framework\system\CodeIgniter.php(432): CodeIgniter\CodeIgniter->runController(Object(App\Controllers\Registration))
#10 C:\Users\Niamh\Documents\GitHub\Favours4Neighbours.FYP\Favours4Neighbours.CodeIgniter.php\vendor\codeigniter4\framework\system\CodeIgniter.php(333): CodeIgniter\CodeIgniter->handleRequest(NULL, Object(Config\Cache), false)
#11 C:\Users\Niamh\Documents\GitHub\Favours4Neighbours.FYP\Favours4Neighbours.CodeIgniter.php\public\index.php(44): CodeIgniter\CodeIgniter->run()
#12 C:\Users\Niamh\Documents\GitHub\Favours4Neighbours.FYP\Favours4Neighbours.CodeIgniter.php\vendor\codeigniter4\framework\system\Commands\Server\rewrite.php(45): require_once('C:\\Users\\Niamh\\...')
#13 {main}
CRITICAL - 2021-03-15 15:03:49 --> Duplicate entry 'jane.doe' for key 'Username_UNIQUE'
#0 C:\Users\Niamh\Documents\GitHub\Favours4Neighbours.FYP\Favours4Neighbours.CodeIgniter.php\vendor\codeigniter4\framework\system\Database\MySQLi\Connection.php(314): mysqli->query('INSERT INTO `us...')
#1 C:\Users\Niamh\Documents\GitHub\Favours4Neighbours.FYP\Favours4Neighbours.CodeIgniter.php\vendor\codeigniter4\framework\system\Database\BaseConnection.php(713): CodeIgniter\Database\MySQLi\Connection->execute('INSERT INTO `us...')
#2 C:\Users\Niamh\Documents\GitHub\Favours4Neighbours.FYP\Favours4Neighbours.CodeIgniter.php\vendor\codeigniter4\framework\system\Database\BaseConnection.php(641): CodeIgniter\Database\BaseConnection->simpleQuery('INSERT INTO `us...')
#3 C:\Users\Niamh\Documents\GitHub\Favours4Neighbours.FYP\Favours4Neighbours.CodeIgniter.php\vendor\codeigniter4\framework\system\Database\BaseBuilder.php(2263): CodeIgniter\Database\BaseConnection->query('INSERT INTO `us...', Array, false)
#4 C:\Users\Niamh\Documents\GitHub\Favours4Neighbours.FYP\Favours4Neighbours.CodeIgniter.php\vendor\codeigniter4\framework\system\Model.php(278): CodeIgniter\Database\BaseBuilder->insert()
#5 C:\Users\Niamh\Documents\GitHub\Favours4Neighbours.FYP\Favours4Neighbours.CodeIgniter.php\vendor\codeigniter4\framework\system\BaseModel.php(758): CodeIgniter\Model->doInsert(Array)
#6 C:\Users\Niamh\Documents\GitHub\Favours4Neighbours.FYP\Favours4Neighbours.CodeIgniter.php\vendor\codeigniter4\framework\system\Model.php(705): CodeIgniter\BaseModel->insert(Array, true)
#7 C:\Users\Niamh\Documents\GitHub\Favours4Neighbours.FYP\Favours4Neighbours.CodeIgniter.php\app\Controllers\Registration.php(18): CodeIgniter\Model->insert(Array)
#8 C:\Users\Niamh\Documents\GitHub\Favours4Neighbours.FYP\Favours4Neighbours.CodeIgniter.php\vendor\codeigniter4\framework\system\CodeIgniter.php(936): App\Controllers\Registration->index()
#9 C:\Users\Niamh\Documents\GitHub\Favours4Neighbours.FYP\Favours4Neighbours.CodeIgniter.php\vendor\codeigniter4\framework\system\CodeIgniter.php(432): CodeIgniter\CodeIgniter->runController(Object(App\Controllers\Registration))
#10 C:\Users\Niamh\Documents\GitHub\Favours4Neighbours.FYP\Favours4Neighbours.CodeIgniter.php\vendor\codeigniter4\framework\system\CodeIgniter.php(333): CodeIgniter\CodeIgniter->handleRequest(NULL, Object(Config\Cache), false)
#11 C:\Users\Niamh\Documents\GitHub\Favours4Neighbours.FYP\Favours4Neighbours.CodeIgniter.php\public\index.php(44): CodeIgniter\CodeIgniter->run()
#12 C:\Users\Niamh\Documents\GitHub\Favours4Neighbours.FYP\Favours4Neighbours.CodeIgniter.php\vendor\codeigniter4\framework\system\Commands\Server\rewrite.php(45): require_once('C:\\Users\\Niamh\\...')
#13 {main}
ERROR - 2021-03-15 15:11:49 --> mysqli_sql_exception: Unknown column 'password_hash' in 'field list' in C:\Users\Niamh\Documents\GitHub\Favours4Neighbours.FYP\Favours4Neighbours.CodeIgniter.php\vendor\codeigniter4\framework\system\Database\MySQLi\Connection.php:314
Stack trace:
#0 C:\Users\Niamh\Documents\GitHub\Favours4Neighbours.FYP\Favours4Neighbours.CodeIgniter.php\vendor\codeigniter4\framework\system\Database\MySQLi\Connection.php(314): mysqli->query('INSERT INTO `us...')
#1 C:\Users\Niamh\Documents\GitHub\Favours4Neighbours.FYP\Favours4Neighbours.CodeIgniter.php\vendor\codeigniter4\framework\system\Database\BaseConnection.php(713): CodeIgniter\Database\MySQLi\Connection->execute('INSERT INTO `us...')
#2 C:\Users\Niamh\Documents\GitHub\Favours4Neighbours.FYP\Favours4Neighbours.CodeIgniter.php\vendor\codeigniter4\framework\system\Database\BaseConnection.php(641): CodeIgniter\Database\BaseConnection->simpleQuery('INSERT INTO `us...')
#3 C:\Users\Niamh\Documents\GitHub\Favours4Neighbours.FYP\Favours4Neighbours.CodeIgniter.php\vendor\codeigniter4\framework\system\Database\BaseBuilder.php(2263): CodeIgniter\Database\BaseConnection->query('INSERT INTO `us...', Array, false)
#4 C:\Users\Niamh\Documents\GitHub\Favours4Neighbours.FYP\Favours4Neighbours.CodeIgniter.php\vendor\codeigniter4\framework\system\Model.php(278): CodeIgniter\Database\BaseBuilder->insert()
#5 C:\Users\Niamh\Documents\GitHub\Favours4Neighbours.FYP\Favours4Neighbours.CodeIgniter.php\vendor\codeigniter4\framework\system\BaseModel.php(758): CodeIgniter\Model->doInsert(Array)
#6 C:\Users\Niamh\Documents\GitHub\Favours4Neighbours.FYP\Favours4Neighbours.CodeIgniter.php\vendor\codeigniter4\framework\system\Model.php(705): CodeIgniter\BaseModel->insert(Array, true)
#7 C:\Users\Niamh\Documents\GitHub\Favours4Neighbours.FYP\Favours4Neighbours.CodeIgniter.php\app\Controllers\Registration.php(18): CodeIgniter\Model->insert(Array)
#8 C:\Users\Niamh\Documents\GitHub\Favours4Neighbours.FYP\Favours4Neighbours.CodeIgniter.php\vendor\codeigniter4\framework\system\CodeIgniter.php(936): App\Controllers\Registration->index()
#9 C:\Users\Niamh\Documents\GitHub\Favours4Neighbours.FYP\Favours4Neighbours.CodeIgniter.php\vendor\codeigniter4\framework\system\CodeIgniter.php(432): CodeIgniter\CodeIgniter->runController(Object(App\Controllers\Registration))
#10 C:\Users\Niamh\Documents\GitHub\Favours4Neighbours.FYP\Favours4Neighbours.CodeIgniter.php\vendor\codeigniter4\framework\system\CodeIgniter.php(333): CodeIgniter\CodeIgniter->handleRequest(NULL, Object(Config\Cache), false)
#11 C:\Users\Niamh\Documents\GitHub\Favours4Neighbours.FYP\Favours4Neighbours.CodeIgniter.php\public\index.php(44): CodeIgniter\CodeIgniter->run()
#12 C:\Users\Niamh\Documents\GitHub\Favours4Neighbours.FYP\Favours4Neighbours.CodeIgniter.php\vendor\codeigniter4\framework\system\Commands\Server\rewrite.php(45): require_once('C:\\Users\\Niamh\\...')
#13 {main}
CRITICAL - 2021-03-15 15:11:50 --> Unknown column 'password_hash' in 'field list'
#0 C:\Users\Niamh\Documents\GitHub\Favours4Neighbours.FYP\Favours4Neighbours.CodeIgniter.php\vendor\codeigniter4\framework\system\Database\MySQLi\Connection.php(314): mysqli->query('INSERT INTO `us...')
#1 C:\Users\Niamh\Documents\GitHub\Favours4Neighbours.FYP\Favours4Neighbours.CodeIgniter.php\vendor\codeigniter4\framework\system\Database\BaseConnection.php(713): CodeIgniter\Database\MySQLi\Connection->execute('INSERT INTO `us...')
#2 C:\Users\Niamh\Documents\GitHub\Favours4Neighbours.FYP\Favours4Neighbours.CodeIgniter.php\vendor\codeigniter4\framework\system\Database\BaseConnection.php(641): CodeIgniter\Database\BaseConnection->simpleQuery('INSERT INTO `us...')
#3 C:\Users\Niamh\Documents\GitHub\Favours4Neighbours.FYP\Favours4Neighbours.CodeIgniter.php\vendor\codeigniter4\framework\system\Database\BaseBuilder.php(2263): CodeIgniter\Database\BaseConnection->query('INSERT INTO `us...', Array, false)
#4 C:\Users\Niamh\Documents\GitHub\Favours4Neighbours.FYP\Favours4Neighbours.CodeIgniter.php\vendor\codeigniter4\framework\system\Model.php(278): CodeIgniter\Database\BaseBuilder->insert()
#5 C:\Users\Niamh\Documents\GitHub\Favours4Neighbours.FYP\Favours4Neighbours.CodeIgniter.php\vendor\codeigniter4\framework\system\BaseModel.php(758): CodeIgniter\Model->doInsert(Array)
#6 C:\Users\Niamh\Documents\GitHub\Favours4Neighbours.FYP\Favours4Neighbours.CodeIgniter.php\vendor\codeigniter4\framework\system\Model.php(705): CodeIgniter\BaseModel->insert(Array, true)
#7 C:\Users\Niamh\Documents\GitHub\Favours4Neighbours.FYP\Favours4Neighbours.CodeIgniter.php\app\Controllers\Registration.php(18): CodeIgniter\Model->insert(Array)
#8 C:\Users\Niamh\Documents\GitHub\Favours4Neighbours.FYP\Favours4Neighbours.CodeIgniter.php\vendor\codeigniter4\framework\system\CodeIgniter.php(936): App\Controllers\Registration->index()
#9 C:\Users\Niamh\Documents\GitHub\Favours4Neighbours.FYP\Favours4Neighbours.CodeIgniter.php\vendor\codeigniter4\framework\system\CodeIgniter.php(432): CodeIgniter\CodeIgniter->runController(Object(App\Controllers\Registration))
#10 C:\Users\Niamh\Documents\GitHub\Favours4Neighbours.FYP\Favours4Neighbours.CodeIgniter.php\vendor\codeigniter4\framework\system\CodeIgniter.php(333): CodeIgniter\CodeIgniter->handleRequest(NULL, Object(Config\Cache), false)
#11 C:\Users\Niamh\Documents\GitHub\Favours4Neighbours.FYP\Favours4Neighbours.CodeIgniter.php\public\index.php(44): CodeIgniter\CodeIgniter->run()
#12 C:\Users\Niamh\Documents\GitHub\Favours4Neighbours.FYP\Favours4Neighbours.CodeIgniter.php\vendor\codeigniter4\framework\system\Commands\Server\rewrite.php(45): require_once('C:\\Users\\Niamh\\...')
#13 {main}
CRITICAL - 2021-03-15 15:24:03 -->  route cannot be found while reverse-routing.
#0 C:\Users\Niamh\Documents\GitHub\Favours4Neighbours.FYP\Favours4Neighbours.CodeIgniter.php\vendor\codeigniter4\framework\system\HTTP\RedirectResponse.php(63): CodeIgniter\HTTP\Exceptions\HTTPException::forInvalidRedirectRoute('')
#1 C:\Users\Niamh\Documents\GitHub\Favours4Neighbours.FYP\Favours4Neighbours.CodeIgniter.php\vendor\codeigniter4\framework\system\Common.php(918): CodeIgniter\HTTP\RedirectResponse->route(false)
#2 C:\Users\Niamh\Documents\GitHub\Favours4Neighbours.FYP\Favours4Neighbours.CodeIgniter.php\app\Controllers\Registration.php(20): redirect('Login/index')
#3 C:\Users\Niamh\Documents\GitHub\Favours4Neighbours.FYP\Favours4Neighbours.CodeIgniter.php\vendor\codeigniter4\framework\system\CodeIgniter.php(936): App\Controllers\Registration->index()
#4 C:\Users\Niamh\Documents\GitHub\Favours4Neighbours.FYP\Favours4Neighbours.CodeIgniter.php\vendor\codeigniter4\framework\system\CodeIgniter.php(432): CodeIgniter\CodeIgniter->runController(Object(App\Controllers\Registration))
#5 C:\Users\Niamh\Documents\GitHub\Favours4Neighbours.FYP\Favours4Neighbours.CodeIgniter.php\vendor\codeigniter4\framework\system\CodeIgniter.php(333): CodeIgniter\CodeIgniter->handleRequest(NULL, Object(Config\Cache), false)
#6 C:\Users\Niamh\Documents\GitHub\Favours4Neighbours.FYP\Favours4Neighbours.CodeIgniter.php\public\index.php(44): CodeIgniter\CodeIgniter->run()
#7 C:\Users\Niamh\Documents\GitHub\Favours4Neighbours.FYP\Favours4Neighbours.CodeIgniter.php\vendor\codeigniter4\framework\system\Commands\Server\rewrite.php(45): require_once('C:\\Users\\Niamh\\...')
#8 {main}
ERROR - 2021-03-15 15:24:50 --> mysqli_sql_exception: Duplicate entry 'jane.doe' for key 'Username_UNIQUE' in C:\Users\Niamh\Documents\GitHub\Favours4Neighbours.FYP\Favours4Neighbours.CodeIgniter.php\vendor\codeigniter4\framework\system\Database\MySQLi\Connection.php:314
Stack trace:
#0 C:\Users\Niamh\Documents\GitHub\Favours4Neighbours.FYP\Favours4Neighbours.CodeIgniter.php\vendor\codeigniter4\framework\system\Database\MySQLi\Connection.php(314): mysqli->query('INSERT INTO `us...')
#1 C:\Users\Niamh\Documents\GitHub\Favours4Neighbours.FYP\Favours4Neighbours.CodeIgniter.php\vendor\codeigniter4\framework\system\Database\BaseConnection.php(713): CodeIgniter\Database\MySQLi\Connection->execute('INSERT INTO `us...')
#2 C:\Users\Niamh\Documents\GitHub\Favours4Neighbours.FYP\Favours4Neighbours.CodeIgniter.php\vendor\codeigniter4\framework\system\Database\BaseConnection.php(641): CodeIgniter\Database\BaseConnection->simpleQuery('INSERT INTO `us...')
#3 C:\Users\Niamh\Documents\GitHub\Favours4Neighbours.FYP\Favours4Neighbours.CodeIgniter.php\vendor\codeigniter4\framework\system\Database\BaseBuilder.php(2263): CodeIgniter\Database\BaseConnection->query('INSERT INTO `us...', Array, false)
#4 C:\Users\Niamh\Documents\GitHub\Favours4Neighbours.FYP\Favours4Neighbours.CodeIgniter.php\vendor\codeigniter4\framework\system\Model.php(278): CodeIgniter\Database\BaseBuilder->insert()
#5 C:\Users\Niamh\Documents\GitHub\Favours4Neighbours.FYP\Favours4Neighbours.CodeIgniter.php\vendor\codeigniter4\framework\system\BaseModel.php(758): CodeIgniter\Model->doInsert(Array)
#6 C:\Users\Niamh\Documents\GitHub\Favours4Neighbours.FYP\Favours4Neighbours.CodeIgniter.php\vendor\codeigniter4\framework\system\Model.php(705): CodeIgniter\BaseModel->insert(Array, true)
#7 C:\Users\Niamh\Documents\GitHub\Favours4Neighbours.FYP\Favours4Neighbours.CodeIgniter.php\app\Controllers\Registration.php(19): CodeIgniter\Model->insert(Array)
#8 C:\Users\Niamh\Documents\GitHub\Favours4Neighbours.FYP\Favours4Neighbours.CodeIgniter.php\vendor\codeigniter4\framework\system\CodeIgniter.php(936): App\Controllers\Registration->index()
#9 C:\Users\Niamh\Documents\GitHub\Favours4Neighbours.FYP\Favours4Neighbours.CodeIgniter.php\vendor\codeigniter4\framework\system\CodeIgniter.php(432): CodeIgniter\CodeIgniter->runController(Object(App\Controllers\Registration))
#10 C:\Users\Niamh\Documents\GitHub\Favours4Neighbours.FYP\Favours4Neighbours.CodeIgniter.php\vendor\codeigniter4\framework\system\CodeIgniter.php(333): CodeIgniter\CodeIgniter->handleRequest(NULL, Object(Config\Cache), false)
#11 C:\Users\Niamh\Documents\GitHub\Favours4Neighbours.FYP\Favours4Neighbours.CodeIgniter.php\public\index.php(44): CodeIgniter\CodeIgniter->run()
#12 C:\Users\Niamh\Documents\GitHub\Favours4Neighbours.FYP\Favours4Neighbours.CodeIgniter.php\vendor\codeigniter4\framework\system\Commands\Server\rewrite.php(45): require_once('C:\\Users\\Niamh\\...')
#13 {main}
CRITICAL - 2021-03-15 15:24:57 --> Duplicate entry 'jane.doe' for key 'Username_UNIQUE'
#0 C:\Users\Niamh\Documents\GitHub\Favours4Neighbours.FYP\Favours4Neighbours.CodeIgniter.php\vendor\codeigniter4\framework\system\Database\MySQLi\Connection.php(314): mysqli->query('INSERT INTO `us...')
#1 C:\Users\Niamh\Documents\GitHub\Favours4Neighbours.FYP\Favours4Neighbours.CodeIgniter.php\vendor\codeigniter4\framework\system\Database\BaseConnection.php(713): CodeIgniter\Database\MySQLi\Connection->execute('INSERT INTO `us...')
#2 C:\Users\Niamh\Documents\GitHub\Favours4Neighbours.FYP\Favours4Neighbours.CodeIgniter.php\vendor\codeigniter4\framework\system\Database\BaseConnection.php(641): CodeIgniter\Database\BaseConnection->simpleQuery('INSERT INTO `us...')
#3 C:\Users\Niamh\Documents\GitHub\Favours4Neighbours.FYP\Favours4Neighbours.CodeIgniter.php\vendor\codeigniter4\framework\system\Database\BaseBuilder.php(2263): CodeIgniter\Database\BaseConnection->query('INSERT INTO `us...', Array, false)
#4 C:\Users\Niamh\Documents\GitHub\Favours4Neighbours.FYP\Favours4Neighbours.CodeIgniter.php\vendor\codeigniter4\framework\system\Model.php(278): CodeIgniter\Database\BaseBuilder->insert()
#5 C:\Users\Niamh\Documents\GitHub\Favours4Neighbours.FYP\Favours4Neighbours.CodeIgniter.php\vendor\codeigniter4\framework\system\BaseModel.php(758): CodeIgniter\Model->doInsert(Array)
#6 C:\Users\Niamh\Documents\GitHub\Favours4Neighbours.FYP\Favours4Neighbours.CodeIgniter.php\vendor\codeigniter4\framework\system\Model.php(705): CodeIgniter\BaseModel->insert(Array, true)
#7 C:\Users\Niamh\Documents\GitHub\Favours4Neighbours.FYP\Favours4Neighbours.CodeIgniter.php\app\Controllers\Registration.php(19): CodeIgniter\Model->insert(Array)
#8 C:\Users\Niamh\Documents\GitHub\Favours4Neighbours.FYP\Favours4Neighbours.CodeIgniter.php\vendor\codeigniter4\framework\system\CodeIgniter.php(936): App\Controllers\Registration->index()
#9 C:\Users\Niamh\Documents\GitHub\Favours4Neighbours.FYP\Favours4Neighbours.CodeIgniter.php\vendor\codeigniter4\framework\system\CodeIgniter.php(432): CodeIgniter\CodeIgniter->runController(Object(App\Controllers\Registration))
#10 C:\Users\Niamh\Documents\GitHub\Favours4Neighbours.FYP\Favours4Neighbours.CodeIgniter.php\vendor\codeigniter4\framework\system\CodeIgniter.php(333): CodeIgniter\CodeIgniter->handleRequest(NULL, Object(Config\Cache), false)
#11 C:\Users\Niamh\Documents\GitHub\Favours4Neighbours.FYP\Favours4Neighbours.CodeIgniter.php\public\index.php(44): CodeIgniter\CodeIgniter->run()
#12 C:\Users\Niamh\Documents\GitHub\Favours4Neighbours.FYP\Favours4Neighbours.CodeIgniter.php\vendor\codeigniter4\framework\system\Commands\Server\rewrite.php(45): require_once('C:\\Users\\Niamh\\...')
#13 {main}
CRITICAL - 2021-03-15 15:47:02 --> Call to a member function where() on null
#0 C:\Users\Niamh\Documents\GitHub\Favours4Neighbours.FYP\Favours4Neighbours.CodeIgniter.php\app\Controllers\Login.php(16): App\Controllers\Login->handleLogin()
#1 C:\Users\Niamh\Documents\GitHub\Favours4Neighbours.FYP\Favours4Neighbours.CodeIgniter.php\vendor\codeigniter4\framework\system\CodeIgniter.php(936): App\Controllers\Login->index()
#2 C:\Users\Niamh\Documents\GitHub\Favours4Neighbours.FYP\Favours4Neighbours.CodeIgniter.php\vendor\codeigniter4\framework\system\CodeIgniter.php(432): CodeIgniter\CodeIgniter->runController(Object(App\Controllers\Login))
#3 C:\Users\Niamh\Documents\GitHub\Favours4Neighbours.FYP\Favours4Neighbours.CodeIgniter.php\vendor\codeigniter4\framework\system\CodeIgniter.php(333): CodeIgniter\CodeIgniter->handleRequest(NULL, Object(Config\Cache), false)
#4 C:\Users\Niamh\Documents\GitHub\Favours4Neighbours.FYP\Favours4Neighbours.CodeIgniter.php\public\index.php(44): CodeIgniter\CodeIgniter->run()
#5 C:\Users\Niamh\Documents\GitHub\Favours4Neighbours.FYP\Favours4Neighbours.CodeIgniter.php\vendor\codeigniter4\framework\system\Commands\Server\rewrite.php(45): require_once('C:\\Users\\Niamh\\...')
#6 {main}
CRITICAL - 2021-03-15 15:49:13 --> Trying to get property 'Active' of non-object
#0 C:\Users\Niamh\Documents\GitHub\Favours4Neighbours.FYP\Favours4Neighbours.CodeIgniter.php\app\Controllers\Login.php(31): CodeIgniter\Debug\Exceptions->errorHandler(8, 'Trying to get p...', 'C:\\Users\\Niamh\\...', 31, Array)
#1 C:\Users\Niamh\Documents\GitHub\Favours4Neighbours.FYP\Favours4Neighbours.CodeIgniter.php\app\Controllers\Login.php(16): App\Controllers\Login->handleLogin()
#2 C:\Users\Niamh\Documents\GitHub\Favours4Neighbours.FYP\Favours4Neighbours.CodeIgniter.php\vendor\codeigniter4\framework\system\CodeIgniter.php(936): App\Controllers\Login->index()
#3 C:\Users\Niamh\Documents\GitHub\Favours4Neighbours.FYP\Favours4Neighbours.CodeIgniter.php\vendor\codeigniter4\framework\system\CodeIgniter.php(432): CodeIgniter\CodeIgniter->runController(Object(App\Controllers\Login))
#4 C:\Users\Niamh\Documents\GitHub\Favours4Neighbours.FYP\Favours4Neighbours.CodeIgniter.php\vendor\codeigniter4\framework\system\CodeIgniter.php(333): CodeIgniter\CodeIgniter->handleRequest(NULL, Object(Config\Cache), false)
#5 C:\Users\Niamh\Documents\GitHub\Favours4Neighbours.FYP\Favours4Neighbours.CodeIgniter.php\public\index.php(44): CodeIgniter\CodeIgniter->run()
#6 C:\Users\Niamh\Documents\GitHub\Favours4Neighbours.FYP\Favours4Neighbours.CodeIgniter.php\vendor\codeigniter4\framework\system\Commands\Server\rewrite.php(45): require_once('C:\\Users\\Niamh\\...')
#7 {main}
CRITICAL - 2021-03-15 15:55:58 --> Call to undefined method App\Models\UserRepository::hashUserPassword
#0 C:\Users\Niamh\Documents\GitHub\Favours4Neighbours.FYP\Favours4Neighbours.CodeIgniter.php\app\Controllers\Login.php(27): CodeIgniter\Model->__call('hashUserPasswor...', Array)
#1 C:\Users\Niamh\Documents\GitHub\Favours4Neighbours.FYP\Favours4Neighbours.CodeIgniter.php\app\Controllers\Login.php(16): App\Controllers\Login->handleLogin()
#2 C:\Users\Niamh\Documents\GitHub\Favours4Neighbours.FYP\Favours4Neighbours.CodeIgniter.php\vendor\codeigniter4\framework\system\CodeIgniter.php(936): App\Controllers\Login->index()
#3 C:\Users\Niamh\Documents\GitHub\Favours4Neighbours.FYP\Favours4Neighbours.CodeIgniter.php\vendor\codeigniter4\framework\system\CodeIgniter.php(432): CodeIgniter\CodeIgniter->runController(Object(App\Controllers\Login))
#4 C:\Users\Niamh\Documents\GitHub\Favours4Neighbours.FYP\Favours4Neighbours.CodeIgniter.php\vendor\codeigniter4\framework\system\CodeIgniter.php(333): CodeIgniter\CodeIgniter->handleRequest(NULL, Object(Config\Cache), false)
#5 C:\Users\Niamh\Documents\GitHub\Favours4Neighbours.FYP\Favours4Neighbours.CodeIgniter.php\public\index.php(44): CodeIgniter\CodeIgniter->run()
#6 C:\Users\Niamh\Documents\GitHub\Favours4Neighbours.FYP\Favours4Neighbours.CodeIgniter.php\vendor\codeigniter4\framework\system\Commands\Server\rewrite.php(45): require_once('C:\\Users\\Niamh\\...')
#7 {main}
CRITICAL - 2021-03-15 15:57:07 --> Call to undefined method App\Models\UserRepository::hashUserPassword
#0 C:\Users\Niamh\Documents\GitHub\Favours4Neighbours.FYP\Favours4Neighbours.CodeIgniter.php\app\Controllers\Login.php(27): CodeIgniter\Model->__call('hashUserPasswor...', Array)
#1 C:\Users\Niamh\Documents\GitHub\Favours4Neighbours.FYP\Favours4Neighbours.CodeIgniter.php\app\Controllers\Login.php(16): App\Controllers\Login->handleLogin()
#2 C:\Users\Niamh\Documents\GitHub\Favours4Neighbours.FYP\Favours4Neighbours.CodeIgniter.php\vendor\codeigniter4\framework\system\CodeIgniter.php(936): App\Controllers\Login->index()
#3 C:\Users\Niamh\Documents\GitHub\Favours4Neighbours.FYP\Favours4Neighbours.CodeIgniter.php\vendor\codeigniter4\framework\system\CodeIgniter.php(432): CodeIgniter\CodeIgniter->runController(Object(App\Controllers\Login))
#4 C:\Users\Niamh\Documents\GitHub\Favours4Neighbours.FYP\Favours4Neighbours.CodeIgniter.php\vendor\codeigniter4\framework\system\CodeIgniter.php(333): CodeIgniter\CodeIgniter->handleRequest(NULL, Object(Config\Cache), false)
#5 C:\Users\Niamh\Documents\GitHub\Favours4Neighbours.FYP\Favours4Neighbours.CodeIgniter.php\public\index.php(44): CodeIgniter\CodeIgniter->run()
#6 C:\Users\Niamh\Documents\GitHub\Favours4Neighbours.FYP\Favours4Neighbours.CodeIgniter.php\vendor\codeigniter4\framework\system\Commands\Server\rewrite.php(45): require_once('C:\\Users\\Niamh\\...')
#7 {main}
CRITICAL - 2021-03-15 15:58:39 --> Call to undefined method App\Models\UserRepository::hashUserPassword
#0 C:\Users\Niamh\Documents\GitHub\Favours4Neighbours.FYP\Favours4Neighbours.CodeIgniter.php\app\Controllers\Login.php(27): CodeIgniter\Model->__call('hashUserPasswor...', Array)
#1 C:\Users\Niamh\Documents\GitHub\Favours4Neighbours.FYP\Favours4Neighbours.CodeIgniter.php\app\Controllers\Login.php(16): App\Controllers\Login->handleLogin()
#2 C:\Users\Niamh\Documents\GitHub\Favours4Neighbours.FYP\Favours4Neighbours.CodeIgniter.php\vendor\codeigniter4\framework\system\CodeIgniter.php(936): App\Controllers\Login->index()
#3 C:\Users\Niamh\Documents\GitHub\Favours4Neighbours.FYP\Favours4Neighbours.CodeIgniter.php\vendor\codeigniter4\framework\system\CodeIgniter.php(432): CodeIgniter\CodeIgniter->runController(Object(App\Controllers\Login))
#4 C:\Users\Niamh\Documents\GitHub\Favours4Neighbours.FYP\Favours4Neighbours.CodeIgniter.php\vendor\codeigniter4\framework\system\CodeIgniter.php(333): CodeIgniter\CodeIgniter->handleRequest(NULL, Object(Config\Cache), false)
#5 C:\Users\Niamh\Documents\GitHub\Favours4Neighbours.FYP\Favours4Neighbours.CodeIgniter.php\public\index.php(44): CodeIgniter\CodeIgniter->run()
#6 C:\Users\Niamh\Documents\GitHub\Favours4Neighbours.FYP\Favours4Neighbours.CodeIgniter.php\vendor\codeigniter4\framework\system\Commands\Server\rewrite.php(45): require_once('C:\\Users\\Niamh\\...')
#7 {main}
CRITICAL - 2021-03-15 16:25:33 --> Undefined variable: username
#0 C:\Users\Niamh\Documents\GitHub\Favours4Neighbours.FYP\Favours4Neighbours.CodeIgniter.php\app\Views\HomeView.php(3): CodeIgniter\Debug\Exceptions->errorHandler(8, 'Undefined varia...', 'C:\\Users\\Niamh\\...', 3, Array)
#1 C:\Users\Niamh\Documents\GitHub\Favours4Neighbours.FYP\Favours4Neighbours.CodeIgniter.php\vendor\codeigniter4\framework\system\View\View.php(220): include('C:\\Users\\Niamh\\...')
#2 C:\Users\Niamh\Documents\GitHub\Favours4Neighbours.FYP\Favours4Neighbours.CodeIgniter.php\vendor\codeigniter4\framework\system\View\View.php(222): CodeIgniter\View\View->CodeIgniter\View\{closure}()
#3 C:\Users\Niamh\Documents\GitHub\Favours4Neighbours.FYP\Favours4Neighbours.CodeIgniter.php\vendor\codeigniter4\framework\system\Common.php(1217): CodeIgniter\View\View->render('HomeView', Array, true)
#4 C:\Users\Niamh\Documents\GitHub\Favours4Neighbours.FYP\Favours4Neighbours.CodeIgniter.php\app\Controllers\Login.php(67): view('HomeView')
#5 C:\Users\Niamh\Documents\GitHub\Favours4Neighbours.FYP\Favours4Neighbours.CodeIgniter.php\app\Controllers\Login.php(35): App\Controllers\Login->loginUser(Array)
#6 C:\Users\Niamh\Documents\GitHub\Favours4Neighbours.FYP\Favours4Neighbours.CodeIgniter.php\app\Controllers\Login.php(16): App\Controllers\Login->handleLogin()
#7 C:\Users\Niamh\Documents\GitHub\Favours4Neighbours.FYP\Favours4Neighbours.CodeIgniter.php\vendor\codeigniter4\framework\system\CodeIgniter.php(936): App\Controllers\Login->index()
#8 C:\Users\Niamh\Documents\GitHub\Favours4Neighbours.FYP\Favours4Neighbours.CodeIgniter.php\vendor\codeigniter4\framework\system\CodeIgniter.php(432): CodeIgniter\CodeIgniter->runController(Object(App\Controllers\Login))
#9 C:\Users\Niamh\Documents\GitHub\Favours4Neighbours.FYP\Favours4Neighbours.CodeIgniter.php\vendor\codeigniter4\framework\system\CodeIgniter.php(333): CodeIgniter\CodeIgniter->handleRequest(NULL, Object(Config\Cache), false)
#10 C:\Users\Niamh\Documents\GitHub\Favours4Neighbours.FYP\Favours4Neighbours.CodeIgniter.php\public\index.php(44): CodeIgniter\CodeIgniter->run()
#11 C:\Users\Niamh\Documents\GitHub\Favours4Neighbours.FYP\Favours4Neighbours.CodeIgniter.php\vendor\codeigniter4\framework\system\Commands\Server\rewrite.php(45): require_once('C:\\Users\\Niamh\\...')
#12 {main}
CRITICAL - 2021-03-15 16:26:37 --> Undefined variable: username
#0 C:\Users\Niamh\Documents\GitHub\Favours4Neighbours.FYP\Favours4Neighbours.CodeIgniter.php\app\Views\HomeView.php(3): CodeIgniter\Debug\Exceptions->errorHandler(8, 'Undefined varia...', 'C:\\Users\\Niamh\\...', 3, Array)
#1 C:\Users\Niamh\Documents\GitHub\Favours4Neighbours.FYP\Favours4Neighbours.CodeIgniter.php\vendor\codeigniter4\framework\system\View\View.php(220): include('C:\\Users\\Niamh\\...')
#2 C:\Users\Niamh\Documents\GitHub\Favours4Neighbours.FYP\Favours4Neighbours.CodeIgniter.php\vendor\codeigniter4\framework\system\View\View.php(222): CodeIgniter\View\View->CodeIgniter\View\{closure}()
#3 C:\Users\Niamh\Documents\GitHub\Favours4Neighbours.FYP\Favours4Neighbours.CodeIgniter.php\vendor\codeigniter4\framework\system\Common.php(1217): CodeIgniter\View\View->render('HomeView', Array, true)
#4 C:\Users\Niamh\Documents\GitHub\Favours4Neighbours.FYP\Favours4Neighbours.CodeIgniter.php\app\Controllers\Login.php(67): view('HomeView')
#5 C:\Users\Niamh\Documents\GitHub\Favours4Neighbours.FYP\Favours4Neighbours.CodeIgniter.php\app\Controllers\Login.php(35): App\Controllers\Login->loginUser(Array)
#6 C:\Users\Niamh\Documents\GitHub\Favours4Neighbours.FYP\Favours4Neighbours.CodeIgniter.php\app\Controllers\Login.php(16): App\Controllers\Login->handleLogin()
#7 C:\Users\Niamh\Documents\GitHub\Favours4Neighbours.FYP\Favours4Neighbours.CodeIgniter.php\vendor\codeigniter4\framework\system\CodeIgniter.php(936): App\Controllers\Login->index()
#8 C:\Users\Niamh\Documents\GitHub\Favours4Neighbours.FYP\Favours4Neighbours.CodeIgniter.php\vendor\codeigniter4\framework\system\CodeIgniter.php(432): CodeIgniter\CodeIgniter->runController(Object(App\Controllers\Login))
#9 C:\Users\Niamh\Documents\GitHub\Favours4Neighbours.FYP\Favours4Neighbours.CodeIgniter.php\vendor\codeigniter4\framework\system\CodeIgniter.php(333): CodeIgniter\CodeIgniter->handleRequest(NULL, Object(Config\Cache), false)
#10 C:\Users\Niamh\Documents\GitHub\Favours4Neighbours.FYP\Favours4Neighbours.CodeIgniter.php\public\index.php(44): CodeIgniter\CodeIgniter->run()
#11 C:\Users\Niamh\Documents\GitHub\Favours4Neighbours.FYP\Favours4Neighbours.CodeIgniter.php\vendor\codeigniter4\framework\system\Commands\Server\rewrite.php(45): require_once('C:\\Users\\Niamh\\...')
#12 {main}
